<?xml version="1.0" encoding="UTF-8"?>
<coverage generated="1478106209153" clover="3.2.0">
  <project timestamp="1478106209154" name="All files">
    <metrics statements="38" coveredstatements="31" conditionals="5" coveredconditionals="5" methods="7" coveredmethods="5" elements="50" coveredelements="41" complexity="0" loc="38" ncloc="38" packages="2" files="2" classes="2">
      <package name="vote">
        <metrics statements="2" coveredstatements="2" conditionals="0" coveredconditionals="0" methods="1" coveredmethods="1"/>
        <file name="sum.js" path="/home/itxchy/fcc/vote/sum.js">
          <metrics statements="2" coveredstatements="2" conditionals="0" coveredconditionals="0" methods="1" coveredmethods="1"/>
          <line num="1" count="1" type="stmt"/>
          <line num="2" count="1" type="stmt"/>
        </file>
      </package>
      <package name="vote.redux">
        <metrics statements="36" coveredstatements="29" conditionals="5" coveredconditionals="5" methods="6" coveredmethods="4"/>
        <file name="Store.jsx" path="/home/itxchy/fcc/vote/redux/Store.jsx">
          <metrics statements="36" coveredstatements="29" conditionals="5" coveredconditionals="5" methods="6" coveredmethods="4"/>
          <line num="1" count="1" type="stmt"/>
          <line num="2" count="1" type="stmt"/>
          <line num="4" count="1" type="stmt"/>
          <line num="5" count="1" type="stmt"/>
          <line num="6" count="1" type="stmt"/>
          <line num="8" count="1" type="stmt"/>
          <line num="17" count="1" type="stmt"/>
          <line num="18" count="5" type="stmt"/>
          <line num="20" count="1" type="stmt"/>
          <line num="22" count="1" type="stmt"/>
          <line num="24" count="1" type="stmt"/>
          <line num="26" count="2" type="stmt"/>
          <line num="30" count="1" type="stmt"/>
          <line num="31" count="1" type="stmt"/>
          <line num="32" count="1" type="stmt"/>
          <line num="33" count="1" type="stmt"/>
          <line num="36" count="1" type="stmt"/>
          <line num="37" count="1" type="stmt"/>
          <line num="38" count="1" type="stmt"/>
          <line num="39" count="1" type="stmt"/>
          <line num="42" count="1" type="stmt"/>
          <line num="43" count="1" type="stmt"/>
          <line num="44" count="1" type="stmt"/>
          <line num="45" count="1" type="stmt"/>
          <line num="48" count="1" type="stmt"/>
          <line num="50" count="1" type="stmt"/>
          <line num="51" count="0" type="stmt"/>
          <line num="52" count="0" type="stmt"/>
          <line num="59" count="1" type="stmt"/>
          <line num="60" count="0" type="stmt"/>
          <line num="61" count="0" type="stmt"/>
          <line num="63" count="0" type="stmt"/>
          <line num="66" count="0" type="stmt"/>
          <line num="69" count="0" type="stmt"/>
          <line num="74" count="1" type="stmt"/>
          <line num="76" count="1" type="stmt"/>
        </file>
      </package>
    </metrics>
  </project>
</coverage>
