{"/home/itxchy/fcc/vote/components/CreateAPoll/NewPollTitle.jsx": {"path":"/home/itxchy/fcc/vote/components/CreateAPoll/NewPollTitle.jsx","statementMap":{"0":{"start":{"line":1,"column":14},"end":{"line":1,"column":30}},"1":{"start":{"line":2,"column":22},"end":{"line":2,"column":50}},"2":{"start":{"line":3,"column":31},"end":{"line":3,"column":46}},"3":{"start":{"line":5,"column":21},"end":{"line":64,"column":2}},"4":{"start":{"line":13,"column":4},"end":{"line":13,"column":50}},"5":{"start":{"line":16,"column":4},"end":{"line":18,"column":5}},"6":{"start":{"line":17,"column":6},"end":{"line":17,"column":50}},"7":{"start":{"line":19,"column":4},"end":{"line":19,"column":38}},"8":{"start":{"line":22,"column":4},"end":{"line":22,"column":37}},"9":{"start":{"line":26,"column":6},"end":{"line":35,"column":12}},"10":{"start":{"line":38,"column":6},"end":{"line":53,"column":12}},"11":{"start":{"line":56,"column":4},"end":{"line":62,"column":5}},"12":{"start":{"line":66,"column":16},"end":{"line":66,"column":39}},"13":{"start":{"line":69,"column":0},"end":{"line":69,"column":49}},"14":{"start":{"line":71,"column":0},"end":{"line":71,"column":26}}},"fnMap":{},"branchMap":{"0":{"loc":{"start":{"line":16,"column":4},"end":{"line":18,"column":5}},"type":"if","locations":[{"start":{"line":16,"column":4},"end":{"line":18,"column":5}},{"start":{"line":16,"column":4},"end":{"line":18,"column":5}}]},"1":{"loc":{"start":{"line":58,"column":9},"end":{"line":60,"column":26}},"type":"cond-expr","locations":[{"start":{"line":59,"column":12},"end":{"line":59,"column":26}},{"start":{"line":60,"column":12},"end":{"line":60,"column":26}}]}},"s":{"0":1,"1":1,"2":1,"3":1,"4":1,"5":2,"6":1,"7":2,"8":1,"9":5,"10":5,"11":5,"12":1,"13":1,"14":1},"f":{},"b":{"0":[1,1],"1":[4,1]},"hash":"7283f03eb4db59f22300ff57bf362968a7fa7b59"}
,"/home/itxchy/fcc/vote/redux/Store.jsx": {"path":"/home/itxchy/fcc/vote/redux/Store.jsx","statementMap":{"0":{"start":{"line":1,"column":14},"end":{"line":1,"column":30}},"1":{"start":{"line":2,"column":19},"end":{"line":2,"column":41}},"2":{"start":{"line":4,"column":27},"end":{"line":4,"column":44}},"3":{"start":{"line":5,"column":27},"end":{"line":5,"column":45}},"4":{"start":{"line":6,"column":22},"end":{"line":6,"column":36}},"5":{"start":{"line":8,"column":21},"end":{"line":15,"column":1}},"6":{"start":{"line":17,"column":20},"end":{"line":28,"column":1}},"7":{"start":{"line":18,"column":2},"end":{"line":27,"column":3}},"8":{"start":{"line":20,"column":6},"end":{"line":20,"column":46}},"9":{"start":{"line":22,"column":6},"end":{"line":22,"column":52}},"10":{"start":{"line":24,"column":6},"end":{"line":24,"column":46}},"11":{"start":{"line":26,"column":6},"end":{"line":26,"column":18}},"12":{"start":{"line":30,"column":27},"end":{"line":34,"column":1}},"13":{"start":{"line":31,"column":19},"end":{"line":31,"column":21}},"14":{"start":{"line":32,"column":2},"end":{"line":32,"column":62}},"15":{"start":{"line":33,"column":2},"end":{"line":33,"column":17}},"16":{"start":{"line":36,"column":33},"end":{"line":40,"column":1}},"17":{"start":{"line":37,"column":19},"end":{"line":37,"column":21}},"18":{"start":{"line":38,"column":2},"end":{"line":38,"column":63}},"19":{"start":{"line":39,"column":2},"end":{"line":39,"column":17}},"20":{"start":{"line":42,"column":27},"end":{"line":46,"column":1}},"21":{"start":{"line":43,"column":19},"end":{"line":43,"column":21}},"22":{"start":{"line":44,"column":2},"end":{"line":44,"column":64}},"23":{"start":{"line":45,"column":2},"end":{"line":45,"column":17}},"24":{"start":{"line":48,"column":14},"end":{"line":48,"column":128}},"25":{"start":{"line":50,"column":24},"end":{"line":56,"column":1}},"26":{"start":{"line":51,"column":2},"end":{"line":55,"column":3}},"27":{"start":{"line":58,"column":27},"end":{"line":70,"column":1}},"28":{"start":{"line":59,"column":2},"end":{"line":69,"column":3}},"29":{"start":{"line":61,"column":6},"end":{"line":61,"column":60}},"30":{"start":{"line":64,"column":6},"end":{"line":64,"column":55}},"31":{"start":{"line":67,"column":6},"end":{"line":67,"column":60}},"32":{"start":{"line":72,"column":18},"end":{"line":72,"column":73}},"33":{"start":{"line":74,"column":0},"end":{"line":74,"column":50}}},"fnMap":{"0":{"name":"(anonymous_0)","decl":{"start":{"line":17,"column":20},"end":{"line":17,"column":21}},"loc":{"start":{"line":17,"column":54},"end":{"line":28,"column":1}}},"1":{"name":"(anonymous_1)","decl":{"start":{"line":30,"column":27},"end":{"line":30,"column":28}},"loc":{"start":{"line":30,"column":46},"end":{"line":34,"column":1}}},"2":{"name":"(anonymous_2)","decl":{"start":{"line":36,"column":33},"end":{"line":36,"column":34}},"loc":{"start":{"line":36,"column":52},"end":{"line":40,"column":1}}},"3":{"name":"(anonymous_3)","decl":{"start":{"line":42,"column":27},"end":{"line":42,"column":28}},"loc":{"start":{"line":42,"column":46},"end":{"line":46,"column":1}}},"4":{"name":"(anonymous_4)","decl":{"start":{"line":50,"column":24},"end":{"line":50,"column":25}},"loc":{"start":{"line":50,"column":35},"end":{"line":56,"column":1}}},"5":{"name":"(anonymous_5)","decl":{"start":{"line":58,"column":27},"end":{"line":58,"column":28}},"loc":{"start":{"line":58,"column":41},"end":{"line":70,"column":1}}}},"branchMap":{"0":{"loc":{"start":{"line":17,"column":21},"end":{"line":17,"column":41}},"type":"default-arg","locations":[{"start":{"line":17,"column":29},"end":{"line":17,"column":41}}]},"1":{"loc":{"start":{"line":18,"column":2},"end":{"line":27,"column":3}},"type":"switch","locations":[{"start":{"line":19,"column":4},"end":{"line":20,"column":46}},{"start":{"line":21,"column":4},"end":{"line":22,"column":52}},{"start":{"line":23,"column":4},"end":{"line":24,"column":46}},{"start":{"line":25,"column":4},"end":{"line":26,"column":18}}]}},"s":{"0":2,"1":2,"2":2,"3":2,"4":2,"5":2,"6":2,"7":6,"8":1,"9":1,"10":1,"11":3,"12":2,"13":1,"14":1,"15":1,"16":2,"17":1,"18":1,"19":1,"20":2,"21":1,"22":1,"23":1,"24":2,"25":2,"26":1,"27":2,"28":1,"29":0,"30":0,"31":0,"32":2,"33":2},"f":{"0":6,"1":1,"2":1,"3":1,"4":1,"5":1},"b":{"0":[3],"1":[1,1,1,3]},"hash":"371a04429e22156369956b8fe948daf062329df0"}
}
