{"/home/itxchy/fcc/vote/auth/setAuthorizationToken.js": {"path":"/home/itxchy/fcc/vote/auth/setAuthorizationToken.js","statementMap":{"0":{"start":{"line":1,"column":14},"end":{"line":1,"column":30}},"1":{"start":{"line":4,"column":2},"end":{"line":8,"column":3}},"2":{"start":{"line":5,"column":4},"end":{"line":5,"column":70}},"3":{"start":{"line":7,"column":4},"end":{"line":7,"column":57}},"4":{"start":{"line":10,"column":0},"end":{"line":10,"column":38}}},"fnMap":{"0":{"name":"setAuthorizationToken","decl":{"start":{"line":3,"column":9},"end":{"line":3,"column":30}},"loc":{"start":{"line":3,"column":39},"end":{"line":9,"column":1}}}},"branchMap":{"0":{"loc":{"start":{"line":4,"column":2},"end":{"line":8,"column":3}},"type":"if","locations":[{"start":{"line":4,"column":2},"end":{"line":8,"column":3}},{"start":{"line":4,"column":2},"end":{"line":8,"column":3}}]}},"s":{"0":3,"1":0,"2":0,"3":0,"4":3},"f":{"0":0},"b":{"0":[0,0]},"hash":"fab51af11964cd3dce83ebf656e89e4f8d1fcfe9"}
,"/home/itxchy/fcc/vote/components/CreateAPoll/NewPollTitle.jsx": {"path":"/home/itxchy/fcc/vote/components/CreateAPoll/NewPollTitle.jsx","statementMap":{"0":{"start":{"line":2,"column":31},"end":{"line":2,"column":46}},"1":{"start":{"line":4,"column":21},"end":{"line":64,"column":2}},"2":{"start":{"line":13,"column":4},"end":{"line":13,"column":58}},"3":{"start":{"line":16,"column":4},"end":{"line":18,"column":5}},"4":{"start":{"line":17,"column":6},"end":{"line":17,"column":58}},"5":{"start":{"line":19,"column":4},"end":{"line":19,"column":46}},"6":{"start":{"line":22,"column":4},"end":{"line":22,"column":45}},"7":{"start":{"line":26,"column":6},"end":{"line":35,"column":12}},"8":{"start":{"line":38,"column":6},"end":{"line":53,"column":12}},"9":{"start":{"line":56,"column":4},"end":{"line":62,"column":5}}},"fnMap":{},"branchMap":{"0":{"loc":{"start":{"line":16,"column":4},"end":{"line":18,"column":5}},"type":"if","locations":[{"start":{"line":16,"column":4},"end":{"line":18,"column":5}},{"start":{"line":16,"column":4},"end":{"line":18,"column":5}}]},"1":{"loc":{"start":{"line":58,"column":9},"end":{"line":60,"column":26}},"type":"cond-expr","locations":[{"start":{"line":59,"column":12},"end":{"line":59,"column":26}},{"start":{"line":60,"column":12},"end":{"line":60,"column":26}}]}},"s":{"0":1,"1":1,"2":0,"3":0,"4":0,"5":0,"6":0,"7":0,"8":0,"9":0},"f":{},"b":{"0":[0,0],"1":[0,0]},"hash":"af60a1d4711cc90ecb9c1bf295a26c8a04b7308b"}
,"/home/itxchy/fcc/vote/components/CreateAPoll/SaveOrReset.jsx": {"path":"/home/itxchy/fcc/vote/components/CreateAPoll/SaveOrReset.jsx","statementMap":{"0":{"start":{"line":2,"column":46},"end":{"line":2,"column":61}},"1":{"start":{"line":5,"column":20},"end":{"line":72,"column":2}},"2":{"start":{"line":17,"column":4},"end":{"line":19,"column":5}},"3":{"start":{"line":22,"column":22},"end":{"line":25,"column":5}},"4":{"start":{"line":26,"column":32},"end":{"line":26,"column":67}},"5":{"start":{"line":27,"column":4},"end":{"line":29,"column":5}},"6":{"start":{"line":28,"column":6},"end":{"line":28,"column":39}},"7":{"start":{"line":30,"column":4},"end":{"line":30,"column":18}},"8":{"start":{"line":33,"column":4},"end":{"line":42,"column":5}},"9":{"start":{"line":34,"column":22},"end":{"line":38,"column":7}},"10":{"start":{"line":39,"column":6},"end":{"line":41,"column":67}},"11":{"start":{"line":45,"column":4},"end":{"line":45,"column":37}},"12":{"start":{"line":50,"column":6},"end":{"line":52,"column":12}},"13":{"start":{"line":54,"column":4},"end":{"line":70,"column":5}}},"fnMap":{},"branchMap":{"0":{"loc":{"start":{"line":27,"column":4},"end":{"line":29,"column":5}},"type":"if","locations":[{"start":{"line":27,"column":4},"end":{"line":29,"column":5}},{"start":{"line":27,"column":4},"end":{"line":29,"column":5}}]},"1":{"loc":{"start":{"line":33,"column":4},"end":{"line":42,"column":5}},"type":"if","locations":[{"start":{"line":33,"column":4},"end":{"line":42,"column":5}},{"start":{"line":33,"column":4},"end":{"line":42,"column":5}}]},"2":{"loc":{"start":{"line":39,"column":6},"end":{"line":41,"column":67}},"type":"cond-expr","locations":[{"start":{"line":40,"column":10},"end":{"line":40,"column":48}},{"start":{"line":41,"column":10},"end":{"line":41,"column":67}}]},"3":{"loc":{"start":{"line":56,"column":9},"end":{"line":56,"column":67}},"type":"cond-expr","locations":[{"start":{"line":56,"column":44},"end":{"line":56,"column":60}},{"start":{"line":56,"column":63},"end":{"line":56,"column":67}}]}},"s":{"0":1,"1":1,"2":0,"3":0,"4":0,"5":0,"6":0,"7":0,"8":0,"9":0,"10":0,"11":0,"12":0,"13":0},"f":{},"b":{"0":[0,0],"1":[0,0],"2":[0,0],"3":[0,0]},"hash":"3cb5beb6f857b597a85e65076c29bc8ded8bb966"}
,"/home/itxchy/fcc/vote/production/auth/setAuthorizationToken.js": {"path":"/home/itxchy/fcc/vote/production/auth/setAuthorizationToken.js","statementMap":{"0":{"start":{"line":3,"column":12},"end":{"line":3,"column":28}},"1":{"start":{"line":6,"column":2},"end":{"line":10,"column":3}},"2":{"start":{"line":7,"column":4},"end":{"line":7,"column":71}},"3":{"start":{"line":9,"column":4},"end":{"line":9,"column":58}},"4":{"start":{"line":12,"column":0},"end":{"line":12,"column":39}}},"fnMap":{"0":{"name":"setAuthorizationToken","decl":{"start":{"line":5,"column":9},"end":{"line":5,"column":30}},"loc":{"start":{"line":5,"column":38},"end":{"line":11,"column":1}}}},"branchMap":{"0":{"loc":{"start":{"line":6,"column":2},"end":{"line":10,"column":3}},"type":"if","locations":[{"start":{"line":6,"column":2},"end":{"line":10,"column":3}},{"start":{"line":6,"column":2},"end":{"line":10,"column":3}}]}},"s":{"0":1,"1":0,"2":0,"3":0,"4":1},"f":{"0":0},"b":{"0":[0,0]},"hash":"901535f51b192a9b46c8290710d3f7a545f22ce9"}
,"/home/itxchy/fcc/vote/production/redux/modules/auth.js": {"path":"/home/itxchy/fcc/vote/production/redux/modules/auth.js","statementMap":{"0":{"start":{"line":3,"column":0},"end":{"line":5,"column":3}},"1":{"start":{"line":6,"column":0},"end":{"line":6,"column":34}},"2":{"start":{"line":8,"column":14},"end":{"line":8,"column":268}},"3":{"start":{"line":8,"column":101},"end":{"line":8,"column":119}},"4":{"start":{"line":8,"column":141},"end":{"line":8,"column":266}},"5":{"start":{"line":10,"column":0},"end":{"line":10,"column":40}},"6":{"start":{"line":11,"column":0},"end":{"line":11,"column":34}},"7":{"start":{"line":12,"column":0},"end":{"line":12,"column":30}},"8":{"start":{"line":13,"column":0},"end":{"line":13,"column":34}},"9":{"start":{"line":14,"column":0},"end":{"line":14,"column":22}},"10":{"start":{"line":15,"column":0},"end":{"line":15,"column":24}},"11":{"start":{"line":16,"column":0},"end":{"line":16,"column":34}},"12":{"start":{"line":17,"column":0},"end":{"line":17,"column":23}},"13":{"start":{"line":18,"column":0},"end":{"line":18,"column":50}},"14":{"start":{"line":19,"column":0},"end":{"line":19,"column":52}},"15":{"start":{"line":21,"column":13},"end":{"line":21,"column":29}},"16":{"start":{"line":23,"column":14},"end":{"line":23,"column":44}},"17":{"start":{"line":25,"column":20},"end":{"line":25,"column":43}},"18":{"start":{"line":27,"column":21},"end":{"line":27,"column":58}},"19":{"start":{"line":29,"column":29},"end":{"line":29,"column":72}},"20":{"start":{"line":31,"column":30},"end":{"line":31,"column":76}},"21":{"start":{"line":33,"column":39},"end":{"line":33,"column":93}},"22":{"start":{"line":37,"column":23},"end":{"line":37,"column":41}},"23":{"start":{"line":38,"column":19},"end":{"line":38,"column":33}},"24":{"start":{"line":39,"column":20},"end":{"line":39,"column":35}},"25":{"start":{"line":40,"column":17},"end":{"line":40,"column":29}},"26":{"start":{"line":55,"column":13},"end":{"line":55,"column":83}},"27":{"start":{"line":57,"column":2},"end":{"line":60,"column":4}},"28":{"start":{"line":68,"column":2},"end":{"line":71,"column":4}},"29":{"start":{"line":80,"column":15},"end":{"line":80,"column":85}},"30":{"start":{"line":82,"column":2},"end":{"line":86,"column":4}},"31":{"start":{"line":94,"column":2},"end":{"line":97,"column":4}},"32":{"start":{"line":111,"column":2},"end":{"line":120,"column":4}},"33":{"start":{"line":112,"column":4},"end":{"line":112,"column":32}},"34":{"start":{"line":113,"column":4},"end":{"line":119,"column":7}},"35":{"start":{"line":114,"column":6},"end":{"line":114,"column":70}},"36":{"start":{"line":116,"column":6},"end":{"line":116,"column":35}},"37":{"start":{"line":117,"column":6},"end":{"line":117,"column":81}},"38":{"start":{"line":118,"column":6},"end":{"line":118,"column":85}},"39":{"start":{"line":126,"column":2},"end":{"line":130,"column":4}},"40":{"start":{"line":127,"column":4},"end":{"line":127,"column":40}},"41":{"start":{"line":128,"column":4},"end":{"line":128,"column":48}},"42":{"start":{"line":129,"column":4},"end":{"line":129,"column":33}},"43":{"start":{"line":136,"column":2},"end":{"line":142,"column":4}},"44":{"start":{"line":137,"column":4},"end":{"line":141,"column":7}},"45":{"start":{"line":138,"column":6},"end":{"line":138,"column":47}},"46":{"start":{"line":140,"column":6},"end":{"line":140,"column":102}},"47":{"start":{"line":153,"column":28},"end":{"line":166,"column":1}},"48":{"start":{"line":154,"column":29},"end":{"line":154,"column":34}},"49":{"start":{"line":155,"column":13},"end":{"line":155,"column":24}},"50":{"start":{"line":156,"column":2},"end":{"line":160,"column":3}},"51":{"start":{"line":157,"column":4},"end":{"line":157,"column":32}},"52":{"start":{"line":159,"column":4},"end":{"line":159,"column":16}},"53":{"start":{"line":161,"column":2},"end":{"line":165,"column":5}},"54":{"start":{"line":168,"column":25},"end":{"line":174,"column":1}},"55":{"start":{"line":169,"column":2},"end":{"line":172,"column":3}},"56":{"start":{"line":170,"column":4},"end":{"line":170,"column":93}},"57":{"start":{"line":171,"column":4},"end":{"line":171,"column":60}},"58":{"start":{"line":173,"column":2},"end":{"line":173,"column":71}},"59":{"start":{"line":176,"column":25},"end":{"line":178,"column":1}},"60":{"start":{"line":177,"column":2},"end":{"line":177,"column":65}},"61":{"start":{"line":184,"column":23},"end":{"line":192,"column":1}},"62":{"start":{"line":185,"column":2},"end":{"line":187,"column":3}},"63":{"start":{"line":186,"column":4},"end":{"line":186,"column":36}},"64":{"start":{"line":188,"column":2},"end":{"line":190,"column":3}},"65":{"start":{"line":189,"column":4},"end":{"line":189,"column":105}},"66":{"start":{"line":191,"column":2},"end":{"line":191,"column":61}},"67":{"start":{"line":196,"column":20},"end":{"line":202,"column":1}},"68":{"start":{"line":204,"column":14},"end":{"line":204,"column":95}},"69":{"start":{"line":205,"column":15},"end":{"line":205,"column":27}},"70":{"start":{"line":207,"column":2},"end":{"line":218,"column":3}},"71":{"start":{"line":209,"column":6},"end":{"line":209,"column":50}},"72":{"start":{"line":211,"column":6},"end":{"line":211,"column":47}},"73":{"start":{"line":213,"column":6},"end":{"line":213,"column":47}},"74":{"start":{"line":215,"column":6},"end":{"line":215,"column":45}},"75":{"start":{"line":217,"column":6},"end":{"line":217,"column":19}},"76":{"start":{"line":238,"column":2},"end":{"line":238,"column":46}},"77":{"start":{"line":239,"column":2},"end":{"line":243,"column":3}},"78":{"start":{"line":240,"column":4},"end":{"line":240,"column":33}},"79":{"start":{"line":241,"column":4},"end":{"line":241,"column":68}},"80":{"start":{"line":242,"column":4},"end":{"line":242,"column":74}},"81":{"start":{"line":245,"column":2},"end":{"line":248,"column":3}},"82":{"start":{"line":247,"column":4},"end":{"line":247,"column":48}},"83":{"start":{"line":250,"column":13},"end":{"line":250,"column":29}},"84":{"start":{"line":251,"column":2},"end":{"line":254,"column":3}},"85":{"start":{"line":252,"column":4},"end":{"line":252,"column":35}},"86":{"start":{"line":253,"column":4},"end":{"line":253,"column":40}},"87":{"start":{"line":257,"column":2},"end":{"line":257,"column":31}},"88":{"start":{"line":258,"column":2},"end":{"line":258,"column":86}},"89":{"start":{"line":259,"column":2},"end":{"line":259,"column":72}},"90":{"start":{"line":277,"column":2},"end":{"line":277,"column":48}},"91":{"start":{"line":278,"column":14},"end":{"line":278,"column":52}},"92":{"start":{"line":279,"column":2},"end":{"line":287,"column":3}},"93":{"start":{"line":280,"column":4},"end":{"line":280,"column":44}},"94":{"start":{"line":281,"column":4},"end":{"line":281,"column":48}},"95":{"start":{"line":282,"column":16},"end":{"line":282,"column":52}},"96":{"start":{"line":283,"column":4},"end":{"line":283,"column":17}},"97":{"start":{"line":285,"column":4},"end":{"line":285,"column":85}},"98":{"start":{"line":286,"column":4},"end":{"line":286,"column":16}}},"fnMap":{"0":{"name":"(anonymous_0)","decl":{"start":{"line":8,"column":84},"end":{"line":8,"column":85}},"loc":{"start":{"line":8,"column":99},"end":{"line":8,"column":121}}},"1":{"name":"(anonymous_1)","decl":{"start":{"line":8,"column":124},"end":{"line":8,"column":125}},"loc":{"start":{"line":8,"column":139},"end":{"line":8,"column":268}}},"2":{"name":"_interopRequireDefault","decl":{"start":{"line":33,"column":9},"end":{"line":33,"column":31}},"loc":{"start":{"line":33,"column":37},"end":{"line":33,"column":95}}},"3":{"name":"setCurrentUser","decl":{"start":{"line":54,"column":9},"end":{"line":54,"column":23}},"loc":{"start":{"line":54,"column":26},"end":{"line":61,"column":1}}},"4":{"name":"userLoading","decl":{"start":{"line":67,"column":9},"end":{"line":67,"column":20}},"loc":{"start":{"line":67,"column":27},"end":{"line":72,"column":1}}},"5":{"name":"setErrors","decl":{"start":{"line":79,"column":9},"end":{"line":79,"column":18}},"loc":{"start":{"line":79,"column":21},"end":{"line":87,"column":1}}},"6":{"name":"setClientIp","decl":{"start":{"line":93,"column":9},"end":{"line":93,"column":20}},"loc":{"start":{"line":93,"column":31},"end":{"line":98,"column":1}}},"7":{"name":"login","decl":{"start":{"line":110,"column":9},"end":{"line":110,"column":14}},"loc":{"start":{"line":110,"column":21},"end":{"line":121,"column":1}}},"8":{"name":"(anonymous_8)","decl":{"start":{"line":111,"column":9},"end":{"line":111,"column":10}},"loc":{"start":{"line":111,"column":29},"end":{"line":120,"column":3}}},"9":{"name":"(anonymous_9)","decl":{"start":{"line":113,"column":49},"end":{"line":113,"column":50}},"loc":{"start":{"line":113,"column":64},"end":{"line":115,"column":5}}},"10":{"name":"(anonymous_10)","decl":{"start":{"line":115,"column":13},"end":{"line":115,"column":14}},"loc":{"start":{"line":115,"column":28},"end":{"line":119,"column":5}}},"11":{"name":"logout","decl":{"start":{"line":125,"column":9},"end":{"line":125,"column":15}},"loc":{"start":{"line":125,"column":18},"end":{"line":131,"column":1}}},"12":{"name":"(anonymous_12)","decl":{"start":{"line":126,"column":9},"end":{"line":126,"column":10}},"loc":{"start":{"line":126,"column":29},"end":{"line":130,"column":3}}},"13":{"name":"getClientIp","decl":{"start":{"line":135,"column":9},"end":{"line":135,"column":20}},"loc":{"start":{"line":135,"column":23},"end":{"line":143,"column":1}}},"14":{"name":"(anonymous_14)","decl":{"start":{"line":136,"column":9},"end":{"line":136,"column":10}},"loc":{"start":{"line":136,"column":29},"end":{"line":142,"column":3}}},"15":{"name":"(anonymous_15)","decl":{"start":{"line":137,"column":45},"end":{"line":137,"column":46}},"loc":{"start":{"line":137,"column":60},"end":{"line":139,"column":5}}},"16":{"name":"(anonymous_16)","decl":{"start":{"line":139,"column":13},"end":{"line":139,"column":14}},"loc":{"start":{"line":139,"column":28},"end":{"line":141,"column":5}}},"17":{"name":"setCurrentUserReducer","decl":{"start":{"line":153,"column":37},"end":{"line":153,"column":58}},"loc":{"start":{"line":153,"column":74},"end":{"line":166,"column":1}}},"18":{"name":"userLoadingReducer","decl":{"start":{"line":168,"column":34},"end":{"line":168,"column":52}},"loc":{"start":{"line":168,"column":68},"end":{"line":174,"column":1}}},"19":{"name":"setClientIpReducer","decl":{"start":{"line":176,"column":34},"end":{"line":176,"column":52}},"loc":{"start":{"line":176,"column":68},"end":{"line":178,"column":1}}},"20":{"name":"setErrorsReducer","decl":{"start":{"line":184,"column":32},"end":{"line":184,"column":48}},"loc":{"start":{"line":184,"column":64},"end":{"line":192,"column":1}}},"21":{"name":"user","decl":{"start":{"line":203,"column":9},"end":{"line":203,"column":13}},"loc":{"start":{"line":203,"column":16},"end":{"line":219,"column":1}}},"22":{"name":"handleLoginResponse","decl":{"start":{"line":237,"column":9},"end":{"line":237,"column":28}},"loc":{"start":{"line":237,"column":57},"end":{"line":260,"column":1}}},"23":{"name":"prepareUserFromToken","decl":{"start":{"line":276,"column":9},"end":{"line":276,"column":29}},"loc":{"start":{"line":276,"column":35},"end":{"line":288,"column":1}}}},"branchMap":{"0":{"loc":{"start":{"line":8,"column":14},"end":{"line":8,"column":268}},"type":"cond-expr","locations":[{"start":{"line":8,"column":84},"end":{"line":8,"column":121}},{"start":{"line":8,"column":124},"end":{"line":8,"column":268}}]},"1":{"loc":{"start":{"line":8,"column":14},"end":{"line":8,"column":81}},"type":"binary-expr","locations":[{"start":{"line":8,"column":14},"end":{"line":8,"column":42}},{"start":{"line":8,"column":46},"end":{"line":8,"column":81}}]},"2":{"loc":{"start":{"line":8,"column":148},"end":{"line":8,"column":265}},"type":"cond-expr","locations":[{"start":{"line":8,"column":244},"end":{"line":8,"column":252}},{"start":{"line":8,"column":255},"end":{"line":8,"column":265}}]},"3":{"loc":{"start":{"line":8,"column":148},"end":{"line":8,"column":241}},"type":"binary-expr","locations":[{"start":{"line":8,"column":148},"end":{"line":8,"column":151}},{"start":{"line":8,"column":155},"end":{"line":8,"column":183}},{"start":{"line":8,"column":187},"end":{"line":8,"column":213}},{"start":{"line":8,"column":217},"end":{"line":8,"column":241}}]},"4":{"loc":{"start":{"line":33,"column":46},"end":{"line":33,"column":92}},"type":"cond-expr","locations":[{"start":{"line":33,"column":70},"end":{"line":33,"column":73}},{"start":{"line":33,"column":76},"end":{"line":33,"column":92}}]},"5":{"loc":{"start":{"line":33,"column":46},"end":{"line":33,"column":67}},"type":"binary-expr","locations":[{"start":{"line":33,"column":46},"end":{"line":33,"column":49}},{"start":{"line":33,"column":53},"end":{"line":33,"column":67}}]},"6":{"loc":{"start":{"line":55,"column":13},"end":{"line":55,"column":83}},"type":"cond-expr","locations":[{"start":{"line":55,"column":66},"end":{"line":55,"column":78}},{"start":{"line":55,"column":81},"end":{"line":55,"column":83}}]},"7":{"loc":{"start":{"line":55,"column":13},"end":{"line":55,"column":63}},"type":"binary-expr","locations":[{"start":{"line":55,"column":13},"end":{"line":55,"column":33}},{"start":{"line":55,"column":37},"end":{"line":55,"column":63}}]},"8":{"loc":{"start":{"line":80,"column":15},"end":{"line":80,"column":85}},"type":"cond-expr","locations":[{"start":{"line":80,"column":68},"end":{"line":80,"column":80}},{"start":{"line":80,"column":83},"end":{"line":80,"column":85}}]},"9":{"loc":{"start":{"line":80,"column":15},"end":{"line":80,"column":65}},"type":"binary-expr","locations":[{"start":{"line":80,"column":15},"end":{"line":80,"column":35}},{"start":{"line":80,"column":39},"end":{"line":80,"column":65}}]},"10":{"loc":{"start":{"line":156,"column":2},"end":{"line":160,"column":3}},"type":"if","locations":[{"start":{"line":156,"column":2},"end":{"line":160,"column":3}},{"start":{"line":156,"column":2},"end":{"line":160,"column":3}}]},"11":{"loc":{"start":{"line":156,"column":6},"end":{"line":156,"column":27}},"type":"binary-expr","locations":[{"start":{"line":156,"column":6},"end":{"line":156,"column":10}},{"start":{"line":156,"column":14},"end":{"line":156,"column":27}}]},"12":{"loc":{"start":{"line":169,"column":2},"end":{"line":172,"column":3}},"type":"if","locations":[{"start":{"line":169,"column":2},"end":{"line":172,"column":3}},{"start":{"line":169,"column":2},"end":{"line":172,"column":3}}]},"13":{"loc":{"start":{"line":185,"column":2},"end":{"line":187,"column":3}},"type":"if","locations":[{"start":{"line":185,"column":2},"end":{"line":187,"column":3}},{"start":{"line":185,"column":2},"end":{"line":187,"column":3}}]},"14":{"loc":{"start":{"line":188,"column":2},"end":{"line":190,"column":3}},"type":"if","locations":[{"start":{"line":188,"column":2},"end":{"line":190,"column":3}},{"start":{"line":188,"column":2},"end":{"line":190,"column":3}}]},"15":{"loc":{"start":{"line":188,"column":6},"end":{"line":188,"column":50}},"type":"binary-expr","locations":[{"start":{"line":188,"column":6},"end":{"line":188,"column":25}},{"start":{"line":188,"column":29},"end":{"line":188,"column":50}}]},"16":{"loc":{"start":{"line":204,"column":14},"end":{"line":204,"column":95}},"type":"cond-expr","locations":[{"start":{"line":204,"column":67},"end":{"line":204,"column":79}},{"start":{"line":204,"column":82},"end":{"line":204,"column":95}}]},"17":{"loc":{"start":{"line":204,"column":14},"end":{"line":204,"column":64}},"type":"binary-expr","locations":[{"start":{"line":204,"column":14},"end":{"line":204,"column":34}},{"start":{"line":204,"column":38},"end":{"line":204,"column":64}}]},"18":{"loc":{"start":{"line":207,"column":2},"end":{"line":218,"column":3}},"type":"switch","locations":[{"start":{"line":208,"column":4},"end":{"line":209,"column":50}},{"start":{"line":210,"column":4},"end":{"line":211,"column":47}},{"start":{"line":212,"column":4},"end":{"line":213,"column":47}},{"start":{"line":214,"column":4},"end":{"line":215,"column":45}},{"start":{"line":216,"column":4},"end":{"line":217,"column":19}}]},"19":{"loc":{"start":{"line":239,"column":2},"end":{"line":243,"column":3}},"type":"if","locations":[{"start":{"line":239,"column":2},"end":{"line":243,"column":3}},{"start":{"line":239,"column":2},"end":{"line":243,"column":3}}]},"20":{"loc":{"start":{"line":245,"column":2},"end":{"line":248,"column":3}},"type":"if","locations":[{"start":{"line":245,"column":2},"end":{"line":248,"column":3}},{"start":{"line":245,"column":2},"end":{"line":248,"column":3}}]},"21":{"loc":{"start":{"line":251,"column":2},"end":{"line":254,"column":3}},"type":"if","locations":[{"start":{"line":251,"column":2},"end":{"line":254,"column":3}},{"start":{"line":251,"column":2},"end":{"line":254,"column":3}}]},"22":{"loc":{"start":{"line":251,"column":6},"end":{"line":251,"column":27}},"type":"binary-expr","locations":[{"start":{"line":251,"column":6},"end":{"line":251,"column":10}},{"start":{"line":251,"column":14},"end":{"line":251,"column":27}}]},"23":{"loc":{"start":{"line":278,"column":14},"end":{"line":278,"column":52}},"type":"cond-expr","locations":[{"start":{"line":278,"column":31},"end":{"line":278,"column":45}},{"start":{"line":278,"column":48},"end":{"line":278,"column":52}}]},"24":{"loc":{"start":{"line":279,"column":2},"end":{"line":287,"column":3}},"type":"if","locations":[{"start":{"line":279,"column":2},"end":{"line":287,"column":3}},{"start":{"line":279,"column":2},"end":{"line":287,"column":3}}]}},"s":{"0":1,"1":1,"2":1,"3":2,"4":0,"5":1,"6":1,"7":1,"8":1,"9":1,"10":1,"11":1,"12":1,"13":1,"14":1,"15":1,"16":1,"17":1,"18":1,"19":1,"20":1,"21":3,"22":1,"23":1,"24":1,"25":1,"26":3,"27":3,"28":4,"29":4,"30":4,"31":1,"32":0,"33":0,"34":0,"35":0,"36":0,"37":0,"38":0,"39":0,"40":0,"41":0,"42":0,"43":0,"44":0,"45":0,"46":0,"47":1,"48":2,"49":2,"50":2,"51":1,"52":1,"53":2,"54":1,"55":2,"56":1,"57":1,"58":1,"59":1,"60":1,"61":1,"62":2,"63":1,"64":1,"65":0,"66":1,"67":1,"68":8,"69":8,"70":8,"71":2,"72":2,"73":1,"74":2,"75":1,"76":3,"77":3,"78":1,"79":1,"80":1,"81":2,"82":1,"83":1,"84":1,"85":1,"86":1,"87":0,"88":0,"89":0,"90":0,"91":0,"92":0,"93":0,"94":0,"95":0,"96":0,"97":0,"98":0},"f":{"0":2,"1":0,"2":3,"3":3,"4":4,"5":4,"6":1,"7":0,"8":0,"9":0,"10":0,"11":0,"12":0,"13":0,"14":0,"15":0,"16":0,"17":2,"18":2,"19":1,"20":2,"21":8,"22":3,"23":0},"b":{"0":[1,0],"1":[1,1],"2":[0,0],"3":[0,0,0,0],"4":[0,3],"5":[3,3],"6":[3,0],"7":[3,3],"8":[4,0],"9":[4,4],"10":[1,1],"11":[2,2],"12":[1,1],"13":[1,1],"14":[0,1],"15":[1,0],"16":[7,1],"17":[8,8],"18":[2,2,1,2,1],"19":[1,2],"20":[1,1],"21":[1,0],"22":[1,1],"23":[0,0],"24":[0,0]},"hash":"62471d599e6650da04e3f00c3725b6714083b83f"}
,"/home/itxchy/fcc/vote/production/redux/modules/createNewPoll.js": {"path":"/home/itxchy/fcc/vote/production/redux/modules/createNewPoll.js","statementMap":{"0":{"start":{"line":3,"column":0},"end":{"line":5,"column":3}},"1":{"start":{"line":6,"column":0},"end":{"line":6,"column":34}},"2":{"start":{"line":7,"column":0},"end":{"line":7,"column":42}},"3":{"start":{"line":8,"column":0},"end":{"line":8,"column":44}},"4":{"start":{"line":9,"column":0},"end":{"line":9,"column":36}},"5":{"start":{"line":10,"column":0},"end":{"line":10,"column":36}},"6":{"start":{"line":11,"column":0},"end":{"line":11,"column":30}},"7":{"start":{"line":12,"column":0},"end":{"line":12,"column":40}},"8":{"start":{"line":13,"column":0},"end":{"line":13,"column":38}},"9":{"start":{"line":14,"column":0},"end":{"line":14,"column":26}},"10":{"start":{"line":16,"column":13},"end":{"line":16,"column":29}},"11":{"start":{"line":18,"column":14},"end":{"line":18,"column":44}},"12":{"start":{"line":20,"column":20},"end":{"line":20,"column":45}},"13":{"start":{"line":22,"column":39},"end":{"line":22,"column":93}},"14":{"start":{"line":24,"column":20},"end":{"line":29,"column":1}},"15":{"start":{"line":33,"column":25},"end":{"line":33,"column":45}},"16":{"start":{"line":34,"column":29},"end":{"line":34,"column":53}},"17":{"start":{"line":35,"column":20},"end":{"line":35,"column":35}},"18":{"start":{"line":36,"column":21},"end":{"line":36,"column":37}},"19":{"start":{"line":37,"column":17},"end":{"line":37,"column":29}},"20":{"start":{"line":38,"column":23},"end":{"line":38,"column":41}},"21":{"start":{"line":48,"column":2},"end":{"line":48,"column":56}},"22":{"start":{"line":50,"column":29},"end":{"line":56,"column":1}},"23":{"start":{"line":51,"column":2},"end":{"line":54,"column":3}},"24":{"start":{"line":52,"column":4},"end":{"line":52,"column":90}},"25":{"start":{"line":53,"column":4},"end":{"line":53,"column":36}},"26":{"start":{"line":55,"column":2},"end":{"line":55,"column":66}},"27":{"start":{"line":63,"column":2},"end":{"line":63,"column":55}},"28":{"start":{"line":65,"column":30},"end":{"line":71,"column":1}},"29":{"start":{"line":66,"column":2},"end":{"line":69,"column":3}},"30":{"start":{"line":67,"column":4},"end":{"line":67,"column":92}},"31":{"start":{"line":68,"column":4},"end":{"line":68,"column":61}},"32":{"start":{"line":70,"column":2},"end":{"line":70,"column":67}},"33":{"start":{"line":78,"column":2},"end":{"line":78,"column":56}},"34":{"start":{"line":80,"column":26},"end":{"line":86,"column":1}},"35":{"start":{"line":81,"column":2},"end":{"line":84,"column":3}},"36":{"start":{"line":82,"column":4},"end":{"line":82,"column":100}},"37":{"start":{"line":83,"column":4},"end":{"line":83,"column":36}},"38":{"start":{"line":85,"column":2},"end":{"line":85,"column":68}},"39":{"start":{"line":91,"column":2},"end":{"line":91,"column":34}},"40":{"start":{"line":93,"column":26},"end":{"line":98,"column":1}},"41":{"start":{"line":94,"column":17},"end":{"line":94,"column":19}},"42":{"start":{"line":95,"column":23},"end":{"line":95,"column":36}},"43":{"start":{"line":96,"column":2},"end":{"line":96,"column":49}},"44":{"start":{"line":97,"column":2},"end":{"line":97,"column":18}},"45":{"start":{"line":105,"column":2},"end":{"line":105,"column":46}},"46":{"start":{"line":107,"column":23},"end":{"line":113,"column":1}},"47":{"start":{"line":108,"column":2},"end":{"line":111,"column":3}},"48":{"start":{"line":109,"column":4},"end":{"line":109,"column":94}},"49":{"start":{"line":110,"column":4},"end":{"line":110,"column":58}},"50":{"start":{"line":112,"column":2},"end":{"line":112,"column":64}},"51":{"start":{"line":118,"column":2},"end":{"line":118,"column":36}},"52":{"start":{"line":120,"column":28},"end":{"line":122,"column":1}},"53":{"start":{"line":121,"column":2},"end":{"line":121,"column":55}},"54":{"start":{"line":131,"column":2},"end":{"line":141,"column":4}},"55":{"start":{"line":132,"column":4},"end":{"line":140,"column":7}},"56":{"start":{"line":133,"column":6},"end":{"line":133,"column":72}},"57":{"start":{"line":134,"column":6},"end":{"line":134,"column":31}},"58":{"start":{"line":135,"column":6},"end":{"line":135,"column":93}},"59":{"start":{"line":136,"column":6},"end":{"line":136,"column":45}},"60":{"start":{"line":138,"column":6},"end":{"line":138,"column":69}},"61":{"start":{"line":139,"column":6},"end":{"line":139,"column":125}},"62":{"start":{"line":147,"column":14},"end":{"line":147,"column":95}},"63":{"start":{"line":148,"column":15},"end":{"line":148,"column":27}},"64":{"start":{"line":150,"column":2},"end":{"line":165,"column":3}},"65":{"start":{"line":152,"column":6},"end":{"line":152,"column":51}},"66":{"start":{"line":154,"column":6},"end":{"line":154,"column":52}},"67":{"start":{"line":156,"column":6},"end":{"line":156,"column":48}},"68":{"start":{"line":158,"column":6},"end":{"line":158,"column":48}},"69":{"start":{"line":160,"column":6},"end":{"line":160,"column":45}},"70":{"start":{"line":162,"column":6},"end":{"line":162,"column":50}},"71":{"start":{"line":164,"column":6},"end":{"line":164,"column":19}}},"fnMap":{"0":{"name":"_interopRequireDefault","decl":{"start":{"line":22,"column":9},"end":{"line":22,"column":31}},"loc":{"start":{"line":22,"column":37},"end":{"line":22,"column":95}}},"1":{"name":"setNewPollTitle","decl":{"start":{"line":47,"column":9},"end":{"line":47,"column":24}},"loc":{"start":{"line":47,"column":36},"end":{"line":49,"column":1}}},"2":{"name":"setNewPollTitleReducer","decl":{"start":{"line":50,"column":38},"end":{"line":50,"column":60}},"loc":{"start":{"line":50,"column":76},"end":{"line":56,"column":1}}},"3":{"name":"setTitleEditable","decl":{"start":{"line":62,"column":9},"end":{"line":62,"column":25}},"loc":{"start":{"line":62,"column":32},"end":{"line":64,"column":1}}},"4":{"name":"setTitleEditableReducer","decl":{"start":{"line":65,"column":39},"end":{"line":65,"column":62}},"loc":{"start":{"line":65,"column":78},"end":{"line":71,"column":1}}},"5":{"name":"updateOption","decl":{"start":{"line":77,"column":9},"end":{"line":77,"column":21}},"loc":{"start":{"line":77,"column":38},"end":{"line":79,"column":1}}},"6":{"name":"updateOptionReducer","decl":{"start":{"line":80,"column":35},"end":{"line":80,"column":54}},"loc":{"start":{"line":80,"column":70},"end":{"line":86,"column":1}}},"7":{"name":"resetNewPoll","decl":{"start":{"line":90,"column":9},"end":{"line":90,"column":21}},"loc":{"start":{"line":90,"column":24},"end":{"line":92,"column":1}}},"8":{"name":"resetNewPollReducer","decl":{"start":{"line":93,"column":35},"end":{"line":93,"column":54}},"loc":{"start":{"line":93,"column":70},"end":{"line":98,"column":1}}},"9":{"name":"pollSaved","decl":{"start":{"line":104,"column":9},"end":{"line":104,"column":18}},"loc":{"start":{"line":104,"column":27},"end":{"line":106,"column":1}}},"10":{"name":"pollSavedReducer","decl":{"start":{"line":107,"column":32},"end":{"line":107,"column":48}},"loc":{"start":{"line":107,"column":64},"end":{"line":113,"column":1}}},"11":{"name":"resetPollSaved","decl":{"start":{"line":117,"column":9},"end":{"line":117,"column":23}},"loc":{"start":{"line":117,"column":26},"end":{"line":119,"column":1}}},"12":{"name":"resetPollSavedReducer","decl":{"start":{"line":120,"column":37},"end":{"line":120,"column":58}},"loc":{"start":{"line":120,"column":74},"end":{"line":122,"column":1}}},"13":{"name":"submitNewPoll","decl":{"start":{"line":130,"column":9},"end":{"line":130,"column":22}},"loc":{"start":{"line":130,"column":32},"end":{"line":142,"column":1}}},"14":{"name":"(anonymous_14)","decl":{"start":{"line":131,"column":9},"end":{"line":131,"column":10}},"loc":{"start":{"line":131,"column":29},"end":{"line":141,"column":3}}},"15":{"name":"(anonymous_15)","decl":{"start":{"line":132,"column":53},"end":{"line":132,"column":54}},"loc":{"start":{"line":132,"column":68},"end":{"line":137,"column":5}}},"16":{"name":"(anonymous_16)","decl":{"start":{"line":137,"column":13},"end":{"line":137,"column":14}},"loc":{"start":{"line":137,"column":28},"end":{"line":140,"column":5}}},"17":{"name":"newPoll","decl":{"start":{"line":146,"column":9},"end":{"line":146,"column":16}},"loc":{"start":{"line":146,"column":19},"end":{"line":166,"column":1}}}},"branchMap":{"0":{"loc":{"start":{"line":22,"column":46},"end":{"line":22,"column":92}},"type":"cond-expr","locations":[{"start":{"line":22,"column":70},"end":{"line":22,"column":73}},{"start":{"line":22,"column":76},"end":{"line":22,"column":92}}]},"1":{"loc":{"start":{"line":22,"column":46},"end":{"line":22,"column":67}},"type":"binary-expr","locations":[{"start":{"line":22,"column":46},"end":{"line":22,"column":49}},{"start":{"line":22,"column":53},"end":{"line":22,"column":67}}]},"2":{"loc":{"start":{"line":51,"column":2},"end":{"line":54,"column":3}},"type":"if","locations":[{"start":{"line":51,"column":2},"end":{"line":54,"column":3}},{"start":{"line":51,"column":2},"end":{"line":54,"column":3}}]},"3":{"loc":{"start":{"line":66,"column":2},"end":{"line":69,"column":3}},"type":"if","locations":[{"start":{"line":66,"column":2},"end":{"line":69,"column":3}},{"start":{"line":66,"column":2},"end":{"line":69,"column":3}}]},"4":{"loc":{"start":{"line":81,"column":2},"end":{"line":84,"column":3}},"type":"if","locations":[{"start":{"line":81,"column":2},"end":{"line":84,"column":3}},{"start":{"line":81,"column":2},"end":{"line":84,"column":3}}]},"5":{"loc":{"start":{"line":108,"column":2},"end":{"line":111,"column":3}},"type":"if","locations":[{"start":{"line":108,"column":2},"end":{"line":111,"column":3}},{"start":{"line":108,"column":2},"end":{"line":111,"column":3}}]},"6":{"loc":{"start":{"line":147,"column":14},"end":{"line":147,"column":95}},"type":"cond-expr","locations":[{"start":{"line":147,"column":67},"end":{"line":147,"column":79}},{"start":{"line":147,"column":82},"end":{"line":147,"column":95}}]},"7":{"loc":{"start":{"line":147,"column":14},"end":{"line":147,"column":64}},"type":"binary-expr","locations":[{"start":{"line":147,"column":14},"end":{"line":147,"column":34}},{"start":{"line":147,"column":38},"end":{"line":147,"column":64}}]},"8":{"loc":{"start":{"line":150,"column":2},"end":{"line":165,"column":3}},"type":"switch","locations":[{"start":{"line":151,"column":4},"end":{"line":152,"column":51}},{"start":{"line":153,"column":4},"end":{"line":154,"column":52}},{"start":{"line":155,"column":4},"end":{"line":156,"column":48}},{"start":{"line":157,"column":4},"end":{"line":158,"column":48}},{"start":{"line":159,"column":4},"end":{"line":160,"column":45}},{"start":{"line":161,"column":4},"end":{"line":162,"column":50}},{"start":{"line":163,"column":4},"end":{"line":164,"column":19}}]}},"s":{"0":1,"1":1,"2":1,"3":1,"4":1,"5":1,"6":1,"7":1,"8":1,"9":1,"10":1,"11":1,"12":1,"13":1,"14":1,"15":1,"16":1,"17":1,"18":1,"19":1,"20":1,"21":2,"22":1,"23":2,"24":1,"25":1,"26":1,"27":2,"28":1,"29":2,"30":1,"31":1,"32":1,"33":2,"34":1,"35":2,"36":1,"37":1,"38":1,"39":1,"40":1,"41":1,"42":1,"43":1,"44":1,"45":2,"46":1,"47":2,"48":1,"49":1,"50":1,"51":1,"52":1,"53":1,"54":0,"55":0,"56":0,"57":0,"58":0,"59":0,"60":0,"61":0,"62":11,"63":11,"64":11,"65":2,"66":2,"67":2,"68":1,"69":2,"70":1,"71":1},"f":{"0":1,"1":2,"2":2,"3":2,"4":2,"5":2,"6":2,"7":1,"8":1,"9":2,"10":2,"11":1,"12":1,"13":0,"14":0,"15":0,"16":0,"17":11},"b":{"0":[0,1],"1":[1,1],"2":[1,1],"3":[1,1],"4":[1,1],"5":[1,1],"6":[10,1],"7":[11,11],"8":[2,2,2,1,2,1,1]},"hash":"afe74874e76dad709aa528df21111da6cf6b6c33"}
,"/home/itxchy/fcc/vote/production/redux/modules/flashMessage.js": {"path":"/home/itxchy/fcc/vote/production/redux/modules/flashMessage.js","statementMap":{"0":{"start":{"line":3,"column":0},"end":{"line":5,"column":3}},"1":{"start":{"line":6,"column":0},"end":{"line":6,"column":136}},"2":{"start":{"line":7,"column":0},"end":{"line":7,"column":42}},"3":{"start":{"line":8,"column":0},"end":{"line":8,"column":48}},"4":{"start":{"line":9,"column":0},"end":{"line":9,"column":54}},"5":{"start":{"line":10,"column":0},"end":{"line":10,"column":32}},"6":{"start":{"line":12,"column":15},"end":{"line":12,"column":33}},"7":{"start":{"line":14,"column":16},"end":{"line":14,"column":48}},"8":{"start":{"line":16,"column":17},"end":{"line":16,"column":44}},"9":{"start":{"line":18,"column":18},"end":{"line":18,"column":52}},"10":{"start":{"line":20,"column":11},"end":{"line":20,"column":32}},"11":{"start":{"line":22,"column":12},"end":{"line":22,"column":40}},"12":{"start":{"line":24,"column":13},"end":{"line":24,"column":36}},"13":{"start":{"line":26,"column":14},"end":{"line":26,"column":44}},"14":{"start":{"line":28,"column":39},"end":{"line":28,"column":93}},"15":{"start":{"line":30,"column":35},"end":{"line":30,"column":193}},"16":{"start":{"line":30,"column":61},"end":{"line":30,"column":145}},"17":{"start":{"line":30,"column":126},"end":{"line":30,"column":143}},"18":{"start":{"line":30,"column":146},"end":{"line":30,"column":158}},"19":{"start":{"line":30,"column":168},"end":{"line":30,"column":191}},"20":{"start":{"line":33,"column":24},"end":{"line":33,"column":71}},"21":{"start":{"line":34,"column":27},"end":{"line":34,"column":80}},"22":{"start":{"line":35,"column":31},"end":{"line":35,"column":57}},"23":{"start":{"line":39,"column":2},"end":{"line":39,"column":53}},"24":{"start":{"line":42,"column":2},"end":{"line":42,"column":51}},"25":{"start":{"line":45,"column":2},"end":{"line":45,"column":44}},"26":{"start":{"line":49,"column":28},"end":{"line":60,"column":1}},"27":{"start":{"line":50,"column":17},"end":{"line":50,"column":19}},"28":{"start":{"line":52,"column":2},"end":{"line":58,"column":5}},"29":{"start":{"line":59,"column":2},"end":{"line":59,"column":18}},"30":{"start":{"line":61,"column":31},"end":{"line":78,"column":1}},"31":{"start":{"line":62,"column":17},"end":{"line":62,"column":19}},"32":{"start":{"line":64,"column":14},"end":{"line":64,"column":81}},"33":{"start":{"line":66,"column":2},"end":{"line":75,"column":3}},"34":{"start":{"line":68,"column":27},"end":{"line":68,"column":83}},"35":{"start":{"line":70,"column":4},"end":{"line":70,"column":38}},"36":{"start":{"line":71,"column":4},"end":{"line":73,"column":7}},"37":{"start":{"line":74,"column":4},"end":{"line":74,"column":20}},"38":{"start":{"line":77,"column":2},"end":{"line":77,"column":15}},"39":{"start":{"line":79,"column":34},"end":{"line":81,"column":1}},"40":{"start":{"line":80,"column":2},"end":{"line":80,"column":57}},"41":{"start":{"line":83,"column":19},"end":{"line":85,"column":1}},"42":{"start":{"line":89,"column":14},"end":{"line":89,"column":94}},"43":{"start":{"line":90,"column":15},"end":{"line":90,"column":27}},"44":{"start":{"line":92,"column":2},"end":{"line":101,"column":3}},"45":{"start":{"line":94,"column":6},"end":{"line":94,"column":50}},"46":{"start":{"line":96,"column":6},"end":{"line":96,"column":53}},"47":{"start":{"line":98,"column":6},"end":{"line":98,"column":56}},"48":{"start":{"line":100,"column":6},"end":{"line":100,"column":19}}},"fnMap":{"0":{"name":"_interopRequireDefault","decl":{"start":{"line":28,"column":9},"end":{"line":28,"column":31}},"loc":{"start":{"line":28,"column":37},"end":{"line":28,"column":95}}},"1":{"name":"_toConsumableArray","decl":{"start":{"line":30,"column":9},"end":{"line":30,"column":27}},"loc":{"start":{"line":30,"column":33},"end":{"line":30,"column":195}}},"2":{"name":"addFlashMessage","decl":{"start":{"line":38,"column":9},"end":{"line":38,"column":24}},"loc":{"start":{"line":38,"column":34},"end":{"line":40,"column":1}}},"3":{"name":"deleteFlashMessage","decl":{"start":{"line":41,"column":9},"end":{"line":41,"column":27}},"loc":{"start":{"line":41,"column":32},"end":{"line":43,"column":1}}},"4":{"name":"clearAllFlashMessages","decl":{"start":{"line":44,"column":9},"end":{"line":44,"column":30}},"loc":{"start":{"line":44,"column":33},"end":{"line":46,"column":1}}},"5":{"name":"reduceAddFlashMessage","decl":{"start":{"line":49,"column":69},"end":{"line":49,"column":90}},"loc":{"start":{"line":49,"column":106},"end":{"line":60,"column":1}}},"6":{"name":"reduceDeleteFlashMessage","decl":{"start":{"line":61,"column":75},"end":{"line":61,"column":99}},"loc":{"start":{"line":61,"column":115},"end":{"line":78,"column":1}}},"7":{"name":"reduceClearAllFlashMessages","decl":{"start":{"line":79,"column":43},"end":{"line":79,"column":70}},"loc":{"start":{"line":79,"column":86},"end":{"line":81,"column":1}}},"8":{"name":"flashMessages","decl":{"start":{"line":88,"column":9},"end":{"line":88,"column":22}},"loc":{"start":{"line":88,"column":25},"end":{"line":102,"column":1}}}},"branchMap":{"0":{"loc":{"start":{"line":28,"column":46},"end":{"line":28,"column":92}},"type":"cond-expr","locations":[{"start":{"line":28,"column":70},"end":{"line":28,"column":73}},{"start":{"line":28,"column":76},"end":{"line":28,"column":92}}]},"1":{"loc":{"start":{"line":28,"column":46},"end":{"line":28,"column":67}},"type":"binary-expr","locations":[{"start":{"line":28,"column":46},"end":{"line":28,"column":49}},{"start":{"line":28,"column":53},"end":{"line":28,"column":67}}]},"2":{"loc":{"start":{"line":30,"column":35},"end":{"line":30,"column":193}},"type":"if","locations":[{"start":{"line":30,"column":35},"end":{"line":30,"column":193}},{"start":{"line":30,"column":35},"end":{"line":30,"column":193}}]},"3":{"loc":{"start":{"line":66,"column":2},"end":{"line":75,"column":3}},"type":"if","locations":[{"start":{"line":66,"column":2},"end":{"line":75,"column":3}},{"start":{"line":66,"column":2},"end":{"line":75,"column":3}}]},"4":{"loc":{"start":{"line":89,"column":14},"end":{"line":89,"column":94}},"type":"cond-expr","locations":[{"start":{"line":89,"column":67},"end":{"line":89,"column":79}},{"start":{"line":89,"column":82},"end":{"line":89,"column":94}}]},"5":{"loc":{"start":{"line":89,"column":14},"end":{"line":89,"column":64}},"type":"binary-expr","locations":[{"start":{"line":89,"column":14},"end":{"line":89,"column":34}},{"start":{"line":89,"column":38},"end":{"line":89,"column":64}}]},"6":{"loc":{"start":{"line":92,"column":2},"end":{"line":101,"column":3}},"type":"switch","locations":[{"start":{"line":93,"column":4},"end":{"line":94,"column":50}},{"start":{"line":95,"column":4},"end":{"line":96,"column":53}},{"start":{"line":97,"column":4},"end":{"line":98,"column":56}},{"start":{"line":99,"column":4},"end":{"line":100,"column":19}}]}},"s":{"0":1,"1":1,"2":1,"3":1,"4":1,"5":1,"6":1,"7":1,"8":1,"9":1,"10":1,"11":1,"12":1,"13":1,"14":4,"15":0,"16":0,"17":0,"18":0,"19":0,"20":1,"21":1,"22":1,"23":0,"24":0,"25":0,"26":1,"27":0,"28":0,"29":0,"30":1,"31":0,"32":0,"33":0,"34":0,"35":0,"36":0,"37":0,"38":0,"39":1,"40":0,"41":1,"42":0,"43":0,"44":0,"45":0,"46":0,"47":0,"48":0},"f":{"0":4,"1":0,"2":0,"3":0,"4":0,"5":0,"6":0,"7":0,"8":0},"b":{"0":[0,4],"1":[4,4],"2":[0,0],"3":[0,0],"4":[0,0],"5":[0,0],"6":[0,0,0,0]},"hash":"f3aa976de09b02143133e007d62077e40889ad73"}
,"/home/itxchy/fcc/vote/production/routes/lib/pollsLib.js": {"path":"/home/itxchy/fcc/vote/production/routes/lib/pollsLib.js","statementMap":{"0":{"start":{"line":3,"column":10},"end":{"line":3,"column":31}},"1":{"start":{"line":4,"column":14},"end":{"line":4,"column":39}},"2":{"start":{"line":5,"column":14},"end":{"line":5,"column":39}},"3":{"start":{"line":14,"column":21},"end":{"line":36,"column":1}},"4":{"start":{"line":15,"column":2},"end":{"line":17,"column":3}},"5":{"start":{"line":16,"column":4},"end":{"line":16,"column":16}},"6":{"start":{"line":18,"column":18},"end":{"line":31,"column":4}},"7":{"start":{"line":19,"column":4},"end":{"line":30,"column":5}},"8":{"start":{"line":20,"column":32},"end":{"line":26,"column":8}},"9":{"start":{"line":21,"column":8},"end":{"line":25,"column":9}},"10":{"start":{"line":22,"column":10},"end":{"line":22,"column":22}},"11":{"start":{"line":24,"column":10},"end":{"line":24,"column":17}},"12":{"start":{"line":27,"column":6},"end":{"line":27,"column":33}},"13":{"start":{"line":29,"column":6},"end":{"line":29,"column":19}},"14":{"start":{"line":34,"column":2},"end":{"line":34,"column":48}},"15":{"start":{"line":35,"column":2},"end":{"line":35,"column":19}},"16":{"start":{"line":46,"column":23},"end":{"line":56,"column":1}},"17":{"start":{"line":47,"column":14},"end":{"line":47,"column":20}},"18":{"start":{"line":48,"column":2},"end":{"line":54,"column":3}},"19":{"start":{"line":49,"column":4},"end":{"line":49,"column":27}},"20":{"start":{"line":50,"column":9},"end":{"line":54,"column":3}},"21":{"start":{"line":51,"column":4},"end":{"line":51,"column":15}},"22":{"start":{"line":53,"column":4},"end":{"line":53,"column":18}},"23":{"start":{"line":55,"column":2},"end":{"line":55,"column":15}},"24":{"start":{"line":58,"column":21},"end":{"line":64,"column":1}},"25":{"start":{"line":59,"column":2},"end":{"line":63,"column":8}},"26":{"start":{"line":60,"column":4},"end":{"line":60,"column":31}},"27":{"start":{"line":62,"column":4},"end":{"line":62,"column":23}},"28":{"start":{"line":66,"column":0},"end":{"line":66,"column":120}}},"fnMap":{"0":{"name":"dupeVoterCheck","decl":{"start":{"line":14,"column":30},"end":{"line":14,"column":44}},"loc":{"start":{"line":14,"column":58},"end":{"line":36,"column":1}}},"1":{"name":"(anonymous_1)","decl":{"start":{"line":18,"column":35},"end":{"line":18,"column":36}},"loc":{"start":{"line":18,"column":53},"end":{"line":31,"column":3}}},"2":{"name":"(anonymous_2)","decl":{"start":{"line":20,"column":49},"end":{"line":20,"column":50}},"loc":{"start":{"line":20,"column":65},"end":{"line":26,"column":7}}},"3":{"name":"getVoterIdentity","decl":{"start":{"line":46,"column":32},"end":{"line":46,"column":48}},"loc":{"start":{"line":46,"column":58},"end":{"line":56,"column":1}}},"4":{"name":"tallyVoteTotal","decl":{"start":{"line":58,"column":30},"end":{"line":58,"column":44}},"loc":{"start":{"line":58,"column":57},"end":{"line":64,"column":1}}},"5":{"name":"(anonymous_5)","decl":{"start":{"line":59,"column":32},"end":{"line":59,"column":33}},"loc":{"start":{"line":59,"column":50},"end":{"line":61,"column":3}}},"6":{"name":"(anonymous_6)","decl":{"start":{"line":61,"column":12},"end":{"line":61,"column":13}},"loc":{"start":{"line":61,"column":34},"end":{"line":63,"column":3}}}},"branchMap":{"0":{"loc":{"start":{"line":15,"column":2},"end":{"line":17,"column":3}},"type":"if","locations":[{"start":{"line":15,"column":2},"end":{"line":17,"column":3}},{"start":{"line":15,"column":2},"end":{"line":17,"column":3}}]},"1":{"loc":{"start":{"line":19,"column":4},"end":{"line":30,"column":5}},"type":"if","locations":[{"start":{"line":19,"column":4},"end":{"line":30,"column":5}},{"start":{"line":19,"column":4},"end":{"line":30,"column":5}}]},"2":{"loc":{"start":{"line":21,"column":8},"end":{"line":25,"column":9}},"type":"if","locations":[{"start":{"line":21,"column":8},"end":{"line":25,"column":9}},{"start":{"line":21,"column":8},"end":{"line":25,"column":9}}]},"3":{"loc":{"start":{"line":48,"column":2},"end":{"line":54,"column":3}},"type":"if","locations":[{"start":{"line":48,"column":2},"end":{"line":54,"column":3}},{"start":{"line":48,"column":2},"end":{"line":54,"column":3}}]},"4":{"loc":{"start":{"line":48,"column":6},"end":{"line":48,"column":46}},"type":"binary-expr","locations":[{"start":{"line":48,"column":6},"end":{"line":48,"column":28}},{"start":{"line":48,"column":32},"end":{"line":48,"column":46}}]},"5":{"loc":{"start":{"line":50,"column":9},"end":{"line":54,"column":3}},"type":"if","locations":[{"start":{"line":50,"column":9},"end":{"line":54,"column":3}},{"start":{"line":50,"column":9},"end":{"line":54,"column":3}}]}},"s":{"0":1,"1":1,"2":1,"3":1,"4":3,"5":1,"6":2,"7":6,"8":4,"9":6,"10":1,"11":5,"12":4,"13":2,"14":2,"15":2,"16":1,"17":4,"18":4,"19":1,"20":3,"21":2,"22":1,"23":4,"24":1,"25":1,"26":3,"27":3,"28":1},"f":{"0":3,"1":6,"2":6,"3":4,"4":1,"5":3,"6":3},"b":{"0":[1,2],"1":[4,2],"2":[1,5],"3":[1,3],"4":[4,2],"5":[2,1]},"hash":"7951aefd5d736402762d69ed6c126822720956e9"}
,"/home/itxchy/fcc/vote/redux/Store.js": {"path":"/home/itxchy/fcc/vote/redux/Store.js","statementMap":{"0":{"start":{"line":5,"column":21},"end":{"line":8,"column":2}},"1":{"start":{"line":7,"column":120},"end":{"line":7,"column":121}}},"fnMap":{"0":{"name":"(anonymous_0)","decl":{"start":{"line":7,"column":113},"end":{"line":7,"column":114}},"loc":{"start":{"line":7,"column":120},"end":{"line":7,"column":121}}}},"branchMap":{"0":{"loc":{"start":{"line":7,"column":4},"end":{"line":7,"column":121}},"type":"cond-expr","locations":[{"start":{"line":7,"column":84},"end":{"line":7,"column":110}},{"start":{"line":7,"column":113},"end":{"line":7,"column":121}}]},"1":{"loc":{"start":{"line":7,"column":4},"end":{"line":7,"column":81}},"type":"binary-expr","locations":[{"start":{"line":7,"column":4},"end":{"line":7,"column":30}},{"start":{"line":7,"column":34},"end":{"line":7,"column":81}}]}},"s":{"0":1,"1":1},"f":{"0":1},"b":{"0":[0,1],"1":[1,1]},"hash":"8824246253898d7d5640af27284d1cb18fae2fbe"}
,"/home/itxchy/fcc/vote/redux/rootReducer.js": {"path":"/home/itxchy/fcc/vote/redux/rootReducer.js","statementMap":{},"fnMap":{},"branchMap":{},"s":{},"f":{},"b":{},"hash":"c9c7d113c5ac316c558985a1c568ddcd05c32089"}
,"/home/itxchy/fcc/vote/redux/modules/auth.js": {"path":"/home/itxchy/fcc/vote/redux/modules/auth.js","statementMap":{"0":{"start":{"line":9,"column":25},"end":{"line":9,"column":43}},"1":{"start":{"line":10,"column":21},"end":{"line":10,"column":35}},"2":{"start":{"line":11,"column":22},"end":{"line":11,"column":37}},"3":{"start":{"line":12,"column":19},"end":{"line":12,"column":31}},"4":{"start":{"line":28,"column":2},"end":{"line":37,"column":3}},"5":{"start":{"line":29,"column":4},"end":{"line":29,"column":31}},"6":{"start":{"line":30,"column":4},"end":{"line":36,"column":8}},"7":{"start":{"line":31,"column":19},"end":{"line":31,"column":75}},"8":{"start":{"line":33,"column":8},"end":{"line":33,"column":36}},"9":{"start":{"line":34,"column":8},"end":{"line":34,"column":82}},"10":{"start":{"line":35,"column":8},"end":{"line":35,"column":86}},"11":{"start":{"line":43,"column":2},"end":{"line":47,"column":3}},"12":{"start":{"line":44,"column":4},"end":{"line":44,"column":39}},"13":{"start":{"line":45,"column":4},"end":{"line":45,"column":32}},"14":{"start":{"line":46,"column":4},"end":{"line":46,"column":32}},"15":{"start":{"line":53,"column":2},"end":{"line":61,"column":3}},"16":{"start":{"line":54,"column":4},"end":{"line":60,"column":8}},"17":{"start":{"line":56,"column":8},"end":{"line":56,"column":48}},"18":{"start":{"line":59,"column":8},"end":{"line":59,"column":103}},"19":{"start":{"line":75,"column":2},"end":{"line":78,"column":3}},"20":{"start":{"line":86,"column":30},"end":{"line":99,"column":1}},"21":{"start":{"line":87,"column":29},"end":{"line":87,"column":34}},"22":{"start":{"line":88,"column":13},"end":{"line":88,"column":24}},"23":{"start":{"line":89,"column":2},"end":{"line":93,"column":3}},"24":{"start":{"line":90,"column":4},"end":{"line":90,"column":31}},"25":{"start":{"line":92,"column":4},"end":{"line":92,"column":15}},"26":{"start":{"line":94,"column":2},"end":{"line":98,"column":4}},"27":{"start":{"line":107,"column":2},"end":{"line":110,"column":3}},"28":{"start":{"line":112,"column":27},"end":{"line":118,"column":1}},"29":{"start":{"line":113,"column":2},"end":{"line":116,"column":3}},"30":{"start":{"line":114,"column":4},"end":{"line":114,"column":92}},"31":{"start":{"line":115,"column":4},"end":{"line":115,"column":59}},"32":{"start":{"line":117,"column":2},"end":{"line":117,"column":70}},"33":{"start":{"line":127,"column":2},"end":{"line":131,"column":3}},"34":{"start":{"line":133,"column":25},"end":{"line":141,"column":1}},"35":{"start":{"line":134,"column":2},"end":{"line":136,"column":3}},"36":{"start":{"line":135,"column":4},"end":{"line":135,"column":35}},"37":{"start":{"line":137,"column":2},"end":{"line":139,"column":3}},"38":{"start":{"line":138,"column":4},"end":{"line":138,"column":104}},"39":{"start":{"line":140,"column":2},"end":{"line":140,"column":60}},"40":{"start":{"line":149,"column":2},"end":{"line":152,"column":3}},"41":{"start":{"line":154,"column":27},"end":{"line":156,"column":1}},"42":{"start":{"line":155,"column":2},"end":{"line":155,"column":64}},"43":{"start":{"line":160,"column":29},"end":{"line":166,"column":1}},"44":{"start":{"line":168,"column":2},"end":{"line":179,"column":3}},"45":{"start":{"line":170,"column":6},"end":{"line":170,"column":49}},"46":{"start":{"line":172,"column":6},"end":{"line":172,"column":46}},"47":{"start":{"line":174,"column":6},"end":{"line":174,"column":46}},"48":{"start":{"line":176,"column":6},"end":{"line":176,"column":44}},"49":{"start":{"line":178,"column":6},"end":{"line":178,"column":18}},"50":{"start":{"line":199,"column":2},"end":{"line":199,"column":45}},"51":{"start":{"line":200,"column":2},"end":{"line":204,"column":3}},"52":{"start":{"line":201,"column":4},"end":{"line":201,"column":32}},"53":{"start":{"line":202,"column":4},"end":{"line":202,"column":67}},"54":{"start":{"line":203,"column":4},"end":{"line":203,"column":73}},"55":{"start":{"line":206,"column":2},"end":{"line":209,"column":3}},"56":{"start":{"line":208,"column":4},"end":{"line":208,"column":47}},"57":{"start":{"line":211,"column":15},"end":{"line":211,"column":31}},"58":{"start":{"line":212,"column":2},"end":{"line":215,"column":3}},"59":{"start":{"line":213,"column":4},"end":{"line":213,"column":34}},"60":{"start":{"line":214,"column":4},"end":{"line":214,"column":39}},"61":{"start":{"line":218,"column":2},"end":{"line":218,"column":30}},"62":{"start":{"line":219,"column":2},"end":{"line":219,"column":85}},"63":{"start":{"line":220,"column":2},"end":{"line":220,"column":71}},"64":{"start":{"line":238,"column":2},"end":{"line":238,"column":47}},"65":{"start":{"line":239,"column":16},"end":{"line":239,"column":54}},"66":{"start":{"line":240,"column":2},"end":{"line":248,"column":3}},"67":{"start":{"line":241,"column":4},"end":{"line":241,"column":43}},"68":{"start":{"line":242,"column":4},"end":{"line":242,"column":32}},"69":{"start":{"line":243,"column":17},"end":{"line":243,"column":34}},"70":{"start":{"line":244,"column":4},"end":{"line":244,"column":15}},"71":{"start":{"line":246,"column":4},"end":{"line":246,"column":84}},"72":{"start":{"line":247,"column":4},"end":{"line":247,"column":15}}},"fnMap":{"0":{"name":"login","decl":{"start":{"line":27,"column":16},"end":{"line":27,"column":21}},"loc":{"start":{"line":27,"column":29},"end":{"line":38,"column":1}}},"1":{"name":"(anonymous_1)","decl":{"start":{"line":28,"column":9},"end":{"line":28,"column":10}},"loc":{"start":{"line":28,"column":21},"end":{"line":37,"column":3}}},"2":{"name":"(anonymous_2)","decl":{"start":{"line":31,"column":12},"end":{"line":31,"column":13}},"loc":{"start":{"line":31,"column":19},"end":{"line":31,"column":75}}},"3":{"name":"(anonymous_3)","decl":{"start":{"line":32,"column":13},"end":{"line":32,"column":14}},"loc":{"start":{"line":32,"column":20},"end":{"line":36,"column":7}}},"4":{"name":"logout","decl":{"start":{"line":42,"column":16},"end":{"line":42,"column":22}},"loc":{"start":{"line":42,"column":26},"end":{"line":48,"column":1}}},"5":{"name":"(anonymous_5)","decl":{"start":{"line":43,"column":9},"end":{"line":43,"column":10}},"loc":{"start":{"line":43,"column":21},"end":{"line":47,"column":3}}},"6":{"name":"getClientIp","decl":{"start":{"line":52,"column":16},"end":{"line":52,"column":27}},"loc":{"start":{"line":52,"column":31},"end":{"line":62,"column":1}}},"7":{"name":"(anonymous_7)","decl":{"start":{"line":53,"column":9},"end":{"line":53,"column":10}},"loc":{"start":{"line":53,"column":21},"end":{"line":61,"column":3}}},"8":{"name":"(anonymous_8)","decl":{"start":{"line":55,"column":12},"end":{"line":55,"column":13}},"loc":{"start":{"line":55,"column":19},"end":{"line":57,"column":7}}},"9":{"name":"(anonymous_9)","decl":{"start":{"line":58,"column":13},"end":{"line":58,"column":14}},"loc":{"start":{"line":58,"column":20},"end":{"line":60,"column":7}}},"10":{"name":"setCurrentUser","decl":{"start":{"line":74,"column":16},"end":{"line":74,"column":30}},"loc":{"start":{"line":74,"column":43},"end":{"line":79,"column":1}}},"11":{"name":"(anonymous_11)","decl":{"start":{"line":86,"column":30},"end":{"line":86,"column":31}},"loc":{"start":{"line":86,"column":49},"end":{"line":99,"column":1}}},"12":{"name":"userLoading","decl":{"start":{"line":106,"column":16},"end":{"line":106,"column":27}},"loc":{"start":{"line":106,"column":35},"end":{"line":111,"column":1}}},"13":{"name":"(anonymous_13)","decl":{"start":{"line":112,"column":27},"end":{"line":112,"column":28}},"loc":{"start":{"line":112,"column":46},"end":{"line":118,"column":1}}},"14":{"name":"setErrors","decl":{"start":{"line":126,"column":16},"end":{"line":126,"column":25}},"loc":{"start":{"line":126,"column":40},"end":{"line":132,"column":1}}},"15":{"name":"(anonymous_15)","decl":{"start":{"line":133,"column":25},"end":{"line":133,"column":26}},"loc":{"start":{"line":133,"column":44},"end":{"line":141,"column":1}}},"16":{"name":"setClientIp","decl":{"start":{"line":148,"column":16},"end":{"line":148,"column":27}},"loc":{"start":{"line":148,"column":39},"end":{"line":153,"column":1}}},"17":{"name":"(anonymous_17)","decl":{"start":{"line":154,"column":27},"end":{"line":154,"column":28}},"loc":{"start":{"line":154,"column":46},"end":{"line":156,"column":1}}},"18":{"name":"user","decl":{"start":{"line":167,"column":24},"end":{"line":167,"column":28}},"loc":{"start":{"line":167,"column":61},"end":{"line":180,"column":1}}},"19":{"name":"handleLoginResponse","decl":{"start":{"line":198,"column":16},"end":{"line":198,"column":35}},"loc":{"start":{"line":198,"column":65},"end":{"line":221,"column":1}}},"20":{"name":"prepareUserFromToken","decl":{"start":{"line":237,"column":16},"end":{"line":237,"column":36}},"loc":{"start":{"line":237,"column":43},"end":{"line":249,"column":1}}}},"branchMap":{"0":{"loc":{"start":{"line":74,"column":32},"end":{"line":74,"column":41}},"type":"default-arg","locations":[{"start":{"line":74,"column":39},"end":{"line":74,"column":41}}]},"1":{"loc":{"start":{"line":89,"column":2},"end":{"line":93,"column":3}},"type":"if","locations":[{"start":{"line":89,"column":2},"end":{"line":93,"column":3}},{"start":{"line":89,"column":2},"end":{"line":93,"column":3}}]},"2":{"loc":{"start":{"line":89,"column":6},"end":{"line":89,"column":27}},"type":"binary-expr","locations":[{"start":{"line":89,"column":6},"end":{"line":89,"column":10}},{"start":{"line":89,"column":14},"end":{"line":89,"column":27}}]},"3":{"loc":{"start":{"line":113,"column":2},"end":{"line":116,"column":3}},"type":"if","locations":[{"start":{"line":113,"column":2},"end":{"line":116,"column":3}},{"start":{"line":113,"column":2},"end":{"line":116,"column":3}}]},"4":{"loc":{"start":{"line":126,"column":27},"end":{"line":126,"column":38}},"type":"default-arg","locations":[{"start":{"line":126,"column":36},"end":{"line":126,"column":38}}]},"5":{"loc":{"start":{"line":134,"column":2},"end":{"line":136,"column":3}},"type":"if","locations":[{"start":{"line":134,"column":2},"end":{"line":136,"column":3}},{"start":{"line":134,"column":2},"end":{"line":136,"column":3}}]},"6":{"loc":{"start":{"line":137,"column":2},"end":{"line":139,"column":3}},"type":"if","locations":[{"start":{"line":137,"column":2},"end":{"line":139,"column":3}},{"start":{"line":137,"column":2},"end":{"line":139,"column":3}}]},"7":{"loc":{"start":{"line":137,"column":6},"end":{"line":137,"column":50}},"type":"binary-expr","locations":[{"start":{"line":137,"column":6},"end":{"line":137,"column":25}},{"start":{"line":137,"column":29},"end":{"line":137,"column":50}}]},"8":{"loc":{"start":{"line":167,"column":30},"end":{"line":167,"column":51}},"type":"default-arg","locations":[{"start":{"line":167,"column":38},"end":{"line":167,"column":51}}]},"9":{"loc":{"start":{"line":168,"column":2},"end":{"line":179,"column":3}},"type":"switch","locations":[{"start":{"line":169,"column":4},"end":{"line":170,"column":49}},{"start":{"line":171,"column":4},"end":{"line":172,"column":46}},{"start":{"line":173,"column":4},"end":{"line":174,"column":46}},{"start":{"line":175,"column":4},"end":{"line":176,"column":44}},{"start":{"line":177,"column":4},"end":{"line":178,"column":18}}]},"10":{"loc":{"start":{"line":200,"column":2},"end":{"line":204,"column":3}},"type":"if","locations":[{"start":{"line":200,"column":2},"end":{"line":204,"column":3}},{"start":{"line":200,"column":2},"end":{"line":204,"column":3}}]},"11":{"loc":{"start":{"line":206,"column":2},"end":{"line":209,"column":3}},"type":"if","locations":[{"start":{"line":206,"column":2},"end":{"line":209,"column":3}},{"start":{"line":206,"column":2},"end":{"line":209,"column":3}}]},"12":{"loc":{"start":{"line":212,"column":2},"end":{"line":215,"column":3}},"type":"if","locations":[{"start":{"line":212,"column":2},"end":{"line":215,"column":3}},{"start":{"line":212,"column":2},"end":{"line":215,"column":3}}]},"13":{"loc":{"start":{"line":212,"column":6},"end":{"line":212,"column":27}},"type":"binary-expr","locations":[{"start":{"line":212,"column":6},"end":{"line":212,"column":10}},{"start":{"line":212,"column":14},"end":{"line":212,"column":27}}]},"14":{"loc":{"start":{"line":239,"column":16},"end":{"line":239,"column":54}},"type":"cond-expr","locations":[{"start":{"line":239,"column":33},"end":{"line":239,"column":47}},{"start":{"line":239,"column":50},"end":{"line":239,"column":54}}]},"15":{"loc":{"start":{"line":240,"column":2},"end":{"line":248,"column":3}},"type":"if","locations":[{"start":{"line":240,"column":2},"end":{"line":248,"column":3}},{"start":{"line":240,"column":2},"end":{"line":248,"column":3}}]}},"s":{"0":3,"1":3,"2":3,"3":3,"4":0,"5":0,"6":0,"7":0,"8":0,"9":0,"10":0,"11":0,"12":0,"13":0,"14":0,"15":0,"16":0,"17":0,"18":0,"19":3,"20":3,"21":2,"22":2,"23":2,"24":1,"25":1,"26":2,"27":4,"28":3,"29":2,"30":1,"31":1,"32":1,"33":4,"34":3,"35":2,"36":1,"37":1,"38":0,"39":1,"40":1,"41":3,"42":1,"43":3,"44":11,"45":2,"46":2,"47":1,"48":2,"49":4,"50":3,"51":3,"52":1,"53":1,"54":1,"55":2,"56":1,"57":1,"58":1,"59":1,"60":1,"61":0,"62":0,"63":0,"64":0,"65":0,"66":0,"67":0,"68":0,"69":0,"70":0,"71":0,"72":0},"f":{"0":0,"1":0,"2":0,"3":0,"4":0,"5":0,"6":0,"7":0,"8":0,"9":0,"10":3,"11":2,"12":4,"13":2,"14":4,"15":2,"16":1,"17":1,"18":11,"19":3,"20":0},"b":{"0":[0],"1":[1,1],"2":[2,2],"3":[1,1],"4":[0],"5":[1,1],"6":[0,1],"7":[1,0],"8":[4],"9":[2,2,1,2,4],"10":[1,2],"11":[1,1],"12":[1,0],"13":[1,1],"14":[0,0],"15":[0,0]},"hash":"6a12b976abaccd782c9e9e27767b69f7f947c013"}
,"/home/itxchy/fcc/vote/redux/modules/clientFormValidation.js": {"path":"/home/itxchy/fcc/vote/redux/modules/clientFormValidation.js","statementMap":{"0":{"start":{"line":4,"column":29},"end":{"line":12,"column":1}},"1":{"start":{"line":16,"column":32},"end":{"line":16,"column":57}},"2":{"start":{"line":17,"column":24},"end":{"line":17,"column":41}},"3":{"start":{"line":41,"column":2},"end":{"line":55,"column":3}},"4":{"start":{"line":42,"column":4},"end":{"line":54,"column":8}},"5":{"start":{"line":44,"column":34},"end":{"line":44,"column":77}},"6":{"start":{"line":45,"column":26},"end":{"line":45,"column":69}},"7":{"start":{"line":46,"column":8},"end":{"line":46,"column":58}},"8":{"start":{"line":49,"column":24},"end":{"line":49,"column":28}},"9":{"start":{"line":50,"column":21},"end":{"line":50,"column":63}},"10":{"start":{"line":51,"column":26},"end":{"line":51,"column":69}},"11":{"start":{"line":52,"column":8},"end":{"line":52,"column":58}},"12":{"start":{"line":53,"column":8},"end":{"line":53,"column":67}},"13":{"start":{"line":69,"column":2},"end":{"line":69,"column":59}},"14":{"start":{"line":72,"column":2},"end":{"line":75,"column":4}},"15":{"start":{"line":82,"column":24},"end":{"line":82,"column":67}},"16":{"start":{"line":83,"column":2},"end":{"line":83,"column":57}},"17":{"start":{"line":86,"column":2},"end":{"line":88,"column":4}},"18":{"start":{"line":94,"column":2},"end":{"line":101,"column":3}},"19":{"start":{"line":96,"column":6},"end":{"line":96,"column":48}},"20":{"start":{"line":98,"column":6},"end":{"line":98,"column":48}},"21":{"start":{"line":100,"column":6},"end":{"line":100,"column":18}},"22":{"start":{"line":107,"column":2},"end":{"line":107,"column":59}},"23":{"start":{"line":109,"column":15},"end":{"line":109,"column":17}},"24":{"start":{"line":110,"column":2},"end":{"line":116,"column":3}},"25":{"start":{"line":111,"column":4},"end":{"line":111,"column":54}},"26":{"start":{"line":112,"column":4},"end":{"line":112,"column":18}},"27":{"start":{"line":114,"column":4},"end":{"line":114,"column":24}},"28":{"start":{"line":115,"column":4},"end":{"line":115,"column":19}},"29":{"start":{"line":117,"column":2},"end":{"line":120,"column":3}},"30":{"start":{"line":118,"column":4},"end":{"line":118,"column":50}},"31":{"start":{"line":119,"column":4},"end":{"line":119,"column":18}},"32":{"start":{"line":121,"column":2},"end":{"line":124,"column":3}}},"fnMap":{"0":{"name":"dupeUserCheck","decl":{"start":{"line":40,"column":16},"end":{"line":40,"column":29}},"loc":{"start":{"line":40,"column":68},"end":{"line":56,"column":1}}},"1":{"name":"(anonymous_1)","decl":{"start":{"line":41,"column":9},"end":{"line":41,"column":10}},"loc":{"start":{"line":41,"column":21},"end":{"line":55,"column":3}}},"2":{"name":"(anonymous_2)","decl":{"start":{"line":43,"column":12},"end":{"line":43,"column":13}},"loc":{"start":{"line":43,"column":19},"end":{"line":47,"column":7}}},"3":{"name":"(anonymous_3)","decl":{"start":{"line":48,"column":13},"end":{"line":48,"column":14}},"loc":{"start":{"line":48,"column":20},"end":{"line":54,"column":7}}},"4":{"name":"dupeUserCheckResults","decl":{"start":{"line":68,"column":16},"end":{"line":68,"column":36}},"loc":{"start":{"line":68,"column":55},"end":{"line":70,"column":1}}},"5":{"name":"dupeUserCheckReducer","decl":{"start":{"line":71,"column":9},"end":{"line":71,"column":29}},"loc":{"start":{"line":71,"column":46},"end":{"line":76,"column":1}}},"6":{"name":"newFormErrors","decl":{"start":{"line":81,"column":16},"end":{"line":81,"column":29}},"loc":{"start":{"line":81,"column":57},"end":{"line":84,"column":1}}},"7":{"name":"setFormErrorsReducer","decl":{"start":{"line":85,"column":9},"end":{"line":85,"column":29}},"loc":{"start":{"line":85,"column":46},"end":{"line":89,"column":1}}},"8":{"name":"clientFormValidation","decl":{"start":{"line":93,"column":24},"end":{"line":93,"column":44}},"loc":{"start":{"line":93,"column":77},"end":{"line":102,"column":1}}},"9":{"name":"checkUserInResponse","decl":{"start":{"line":106,"column":16},"end":{"line":106,"column":35}},"loc":{"start":{"line":106,"column":61},"end":{"line":125,"column":1}}}},"branchMap":{"0":{"loc":{"start":{"line":93,"column":46},"end":{"line":93,"column":67}},"type":"default-arg","locations":[{"start":{"line":93,"column":54},"end":{"line":93,"column":67}}]},"1":{"loc":{"start":{"line":94,"column":2},"end":{"line":101,"column":3}},"type":"switch","locations":[{"start":{"line":95,"column":4},"end":{"line":96,"column":48}},{"start":{"line":97,"column":4},"end":{"line":98,"column":48}},{"start":{"line":99,"column":4},"end":{"line":100,"column":18}}]},"2":{"loc":{"start":{"line":110,"column":2},"end":{"line":116,"column":3}},"type":"if","locations":[{"start":{"line":110,"column":2},"end":{"line":116,"column":3}},{"start":{"line":110,"column":2},"end":{"line":116,"column":3}}]},"3":{"loc":{"start":{"line":110,"column":6},"end":{"line":110,"column":31}},"type":"binary-expr","locations":[{"start":{"line":110,"column":6},"end":{"line":110,"column":14}},{"start":{"line":110,"column":18},"end":{"line":110,"column":31}}]},"4":{"loc":{"start":{"line":117,"column":2},"end":{"line":120,"column":3}},"type":"if","locations":[{"start":{"line":117,"column":2},"end":{"line":120,"column":3}},{"start":{"line":117,"column":2},"end":{"line":120,"column":3}}]},"5":{"loc":{"start":{"line":117,"column":6},"end":{"line":117,"column":69}},"type":"binary-expr","locations":[{"start":{"line":117,"column":6},"end":{"line":117,"column":14}},{"start":{"line":117,"column":18},"end":{"line":117,"column":35}},{"start":{"line":117,"column":39},"end":{"line":117,"column":69}}]}},"s":{"0":2,"1":2,"2":2,"3":0,"4":0,"5":0,"6":0,"7":0,"8":0,"9":0,"10":0,"11":0,"12":0,"13":2,"14":2,"15":2,"16":2,"17":2,"18":8,"19":2,"20":2,"21":4,"22":5,"23":5,"24":5,"25":2,"26":2,"27":3,"28":3,"29":5,"30":1,"31":1,"32":5},"f":{"0":0,"1":0,"2":0,"3":0,"4":2,"5":2,"6":2,"7":2,"8":8,"9":5},"b":{"0":[4],"1":[2,2,4],"2":[2,3],"3":[5,5],"4":[1,4],"5":[5,3,2]},"hash":"c1366b7cfdbbcd90afff9b6bf7e68885b6e0978d"}
,"/home/itxchy/fcc/vote/redux/modules/createNewPoll.js": {"path":"/home/itxchy/fcc/vote/redux/modules/createNewPoll.js","statementMap":{"0":{"start":{"line":4,"column":29},"end":{"line":12,"column":1}},"1":{"start":{"line":16,"column":27},"end":{"line":16,"column":47}},"2":{"start":{"line":17,"column":31},"end":{"line":17,"column":55}},"3":{"start":{"line":18,"column":22},"end":{"line":18,"column":37}},"4":{"start":{"line":19,"column":23},"end":{"line":19,"column":39}},"5":{"start":{"line":20,"column":19},"end":{"line":20,"column":31}},"6":{"start":{"line":21,"column":25},"end":{"line":21,"column":43}},"7":{"start":{"line":31,"column":2},"end":{"line":31,"column":55}},"8":{"start":{"line":33,"column":31},"end":{"line":39,"column":1}},"9":{"start":{"line":34,"column":2},"end":{"line":37,"column":3}},"10":{"start":{"line":35,"column":4},"end":{"line":35,"column":89}},"11":{"start":{"line":36,"column":4},"end":{"line":36,"column":35}},"12":{"start":{"line":38,"column":2},"end":{"line":38,"column":65}},"13":{"start":{"line":47,"column":2},"end":{"line":47,"column":54}},"14":{"start":{"line":49,"column":32},"end":{"line":55,"column":1}},"15":{"start":{"line":50,"column":2},"end":{"line":53,"column":3}},"16":{"start":{"line":51,"column":4},"end":{"line":51,"column":91}},"17":{"start":{"line":52,"column":4},"end":{"line":52,"column":60}},"18":{"start":{"line":54,"column":2},"end":{"line":54,"column":66}},"19":{"start":{"line":63,"column":2},"end":{"line":63,"column":55}},"20":{"start":{"line":65,"column":28},"end":{"line":71,"column":1}},"21":{"start":{"line":66,"column":2},"end":{"line":69,"column":3}},"22":{"start":{"line":67,"column":4},"end":{"line":67,"column":99}},"23":{"start":{"line":68,"column":4},"end":{"line":68,"column":35}},"24":{"start":{"line":70,"column":2},"end":{"line":70,"column":67}},"25":{"start":{"line":77,"column":2},"end":{"line":77,"column":33}},"26":{"start":{"line":79,"column":28},"end":{"line":83,"column":1}},"27":{"start":{"line":80,"column":19},"end":{"line":80,"column":21}},"28":{"start":{"line":81,"column":2},"end":{"line":81,"column":47}},"29":{"start":{"line":82,"column":2},"end":{"line":82,"column":17}},"30":{"start":{"line":91,"column":2},"end":{"line":91,"column":37}},"31":{"start":{"line":93,"column":25},"end":{"line":99,"column":1}},"32":{"start":{"line":94,"column":2},"end":{"line":97,"column":3}},"33":{"start":{"line":95,"column":4},"end":{"line":95,"column":93}},"34":{"start":{"line":96,"column":4},"end":{"line":96,"column":57}},"35":{"start":{"line":98,"column":2},"end":{"line":98,"column":63}},"36":{"start":{"line":105,"column":2},"end":{"line":105,"column":35}},"37":{"start":{"line":107,"column":30},"end":{"line":109,"column":1}},"38":{"start":{"line":108,"column":2},"end":{"line":108,"column":54}},"39":{"start":{"line":119,"column":2},"end":{"line":131,"column":3}},"40":{"start":{"line":120,"column":4},"end":{"line":130,"column":8}},"41":{"start":{"line":122,"column":8},"end":{"line":122,"column":73}},"42":{"start":{"line":123,"column":8},"end":{"line":123,"column":32}},"43":{"start":{"line":124,"column":8},"end":{"line":124,"column":75}},"44":{"start":{"line":125,"column":8},"end":{"line":125,"column":46}},"45":{"start":{"line":128,"column":8},"end":{"line":128,"column":70}},"46":{"start":{"line":129,"column":8},"end":{"line":129,"column":107}},"47":{"start":{"line":137,"column":2},"end":{"line":152,"column":3}},"48":{"start":{"line":139,"column":6},"end":{"line":139,"column":50}},"49":{"start":{"line":141,"column":6},"end":{"line":141,"column":51}},"50":{"start":{"line":143,"column":6},"end":{"line":143,"column":47}},"51":{"start":{"line":145,"column":6},"end":{"line":145,"column":47}},"52":{"start":{"line":147,"column":6},"end":{"line":147,"column":44}},"53":{"start":{"line":149,"column":6},"end":{"line":149,"column":49}},"54":{"start":{"line":151,"column":6},"end":{"line":151,"column":18}}},"fnMap":{"0":{"name":"setNewPollTitle","decl":{"start":{"line":30,"column":16},"end":{"line":30,"column":31}},"loc":{"start":{"line":30,"column":44},"end":{"line":32,"column":1}}},"1":{"name":"(anonymous_1)","decl":{"start":{"line":33,"column":31},"end":{"line":33,"column":32}},"loc":{"start":{"line":33,"column":50},"end":{"line":39,"column":1}}},"2":{"name":"setTitleEditable","decl":{"start":{"line":46,"column":16},"end":{"line":46,"column":32}},"loc":{"start":{"line":46,"column":40},"end":{"line":48,"column":1}}},"3":{"name":"(anonymous_3)","decl":{"start":{"line":49,"column":32},"end":{"line":49,"column":33}},"loc":{"start":{"line":49,"column":51},"end":{"line":55,"column":1}}},"4":{"name":"updateOption","decl":{"start":{"line":62,"column":16},"end":{"line":62,"column":28}},"loc":{"start":{"line":62,"column":46},"end":{"line":64,"column":1}}},"5":{"name":"(anonymous_5)","decl":{"start":{"line":65,"column":28},"end":{"line":65,"column":29}},"loc":{"start":{"line":65,"column":47},"end":{"line":71,"column":1}}},"6":{"name":"resetNewPoll","decl":{"start":{"line":76,"column":16},"end":{"line":76,"column":28}},"loc":{"start":{"line":76,"column":32},"end":{"line":78,"column":1}}},"7":{"name":"(anonymous_7)","decl":{"start":{"line":79,"column":28},"end":{"line":79,"column":29}},"loc":{"start":{"line":79,"column":47},"end":{"line":83,"column":1}}},"8":{"name":"pollSaved","decl":{"start":{"line":90,"column":16},"end":{"line":90,"column":25}},"loc":{"start":{"line":90,"column":35},"end":{"line":92,"column":1}}},"9":{"name":"(anonymous_9)","decl":{"start":{"line":93,"column":25},"end":{"line":93,"column":26}},"loc":{"start":{"line":93,"column":44},"end":{"line":99,"column":1}}},"10":{"name":"resetPollSaved","decl":{"start":{"line":104,"column":16},"end":{"line":104,"column":30}},"loc":{"start":{"line":104,"column":34},"end":{"line":106,"column":1}}},"11":{"name":"(anonymous_11)","decl":{"start":{"line":107,"column":30},"end":{"line":107,"column":31}},"loc":{"start":{"line":107,"column":49},"end":{"line":109,"column":1}}},"12":{"name":"submitNewPoll","decl":{"start":{"line":118,"column":16},"end":{"line":118,"column":29}},"loc":{"start":{"line":118,"column":40},"end":{"line":132,"column":1}}},"13":{"name":"(anonymous_13)","decl":{"start":{"line":119,"column":9},"end":{"line":119,"column":10}},"loc":{"start":{"line":119,"column":21},"end":{"line":131,"column":3}}},"14":{"name":"(anonymous_14)","decl":{"start":{"line":121,"column":12},"end":{"line":121,"column":13}},"loc":{"start":{"line":121,"column":19},"end":{"line":126,"column":7}}},"15":{"name":"(anonymous_15)","decl":{"start":{"line":127,"column":13},"end":{"line":127,"column":14}},"loc":{"start":{"line":127,"column":20},"end":{"line":130,"column":7}}},"16":{"name":"newPoll","decl":{"start":{"line":136,"column":24},"end":{"line":136,"column":31}},"loc":{"start":{"line":136,"column":64},"end":{"line":153,"column":1}}}},"branchMap":{"0":{"loc":{"start":{"line":34,"column":2},"end":{"line":37,"column":3}},"type":"if","locations":[{"start":{"line":34,"column":2},"end":{"line":37,"column":3}},{"start":{"line":34,"column":2},"end":{"line":37,"column":3}}]},"1":{"loc":{"start":{"line":50,"column":2},"end":{"line":53,"column":3}},"type":"if","locations":[{"start":{"line":50,"column":2},"end":{"line":53,"column":3}},{"start":{"line":50,"column":2},"end":{"line":53,"column":3}}]},"2":{"loc":{"start":{"line":66,"column":2},"end":{"line":69,"column":3}},"type":"if","locations":[{"start":{"line":66,"column":2},"end":{"line":69,"column":3}},{"start":{"line":66,"column":2},"end":{"line":69,"column":3}}]},"3":{"loc":{"start":{"line":94,"column":2},"end":{"line":97,"column":3}},"type":"if","locations":[{"start":{"line":94,"column":2},"end":{"line":97,"column":3}},{"start":{"line":94,"column":2},"end":{"line":97,"column":3}}]},"4":{"loc":{"start":{"line":136,"column":33},"end":{"line":136,"column":54}},"type":"default-arg","locations":[{"start":{"line":136,"column":41},"end":{"line":136,"column":54}}]},"5":{"loc":{"start":{"line":137,"column":2},"end":{"line":152,"column":3}},"type":"switch","locations":[{"start":{"line":138,"column":4},"end":{"line":139,"column":50}},{"start":{"line":140,"column":4},"end":{"line":141,"column":51}},{"start":{"line":142,"column":4},"end":{"line":143,"column":47}},{"start":{"line":144,"column":4},"end":{"line":145,"column":47}},{"start":{"line":146,"column":4},"end":{"line":147,"column":44}},{"start":{"line":148,"column":4},"end":{"line":149,"column":49}},{"start":{"line":150,"column":4},"end":{"line":151,"column":18}}]}},"s":{"0":2,"1":2,"2":2,"3":2,"4":2,"5":2,"6":2,"7":2,"8":2,"9":2,"10":1,"11":1,"12":1,"13":2,"14":2,"15":2,"16":1,"17":1,"18":1,"19":2,"20":2,"21":2,"22":1,"23":1,"24":1,"25":1,"26":2,"27":1,"28":1,"29":1,"30":2,"31":2,"32":2,"33":1,"34":1,"35":1,"36":1,"37":2,"38":1,"39":0,"40":0,"41":0,"42":0,"43":0,"44":0,"45":0,"46":0,"47":14,"48":2,"49":2,"50":2,"51":1,"52":2,"53":1,"54":4},"f":{"0":2,"1":2,"2":2,"3":2,"4":2,"5":2,"6":1,"7":1,"8":2,"9":2,"10":1,"11":1,"12":0,"13":0,"14":0,"15":0,"16":14},"b":{"0":[1,1],"1":[1,1],"2":[1,1],"3":[1,1],"4":[4],"5":[2,2,2,1,2,1,4]},"hash":"de0dca449adc40e5a77bd87c793530505149075a"}
,"/home/itxchy/fcc/vote/redux/modules/deletePoll.js": {"path":"/home/itxchy/fcc/vote/redux/modules/deletePoll.js","statementMap":{"0":{"start":{"line":4,"column":29},"end":{"line":6,"column":1}},"1":{"start":{"line":10,"column":21},"end":{"line":10,"column":35}},"2":{"start":{"line":11,"column":27},"end":{"line":11,"column":47}},"3":{"start":{"line":16,"column":2},"end":{"line":31,"column":3}},"4":{"start":{"line":17,"column":4},"end":{"line":30,"column":8}},"5":{"start":{"line":19,"column":8},"end":{"line":25,"column":9}},"6":{"start":{"line":20,"column":10},"end":{"line":20,"column":79}},"7":{"start":{"line":21,"column":10},"end":{"line":21,"column":35}},"8":{"start":{"line":23,"column":10},"end":{"line":23,"column":89}},"9":{"start":{"line":24,"column":10},"end":{"line":24,"column":104}},"10":{"start":{"line":28,"column":8},"end":{"line":28,"column":79}},"11":{"start":{"line":29,"column":8},"end":{"line":29,"column":102}},"12":{"start":{"line":40,"column":2},"end":{"line":43,"column":3}},"13":{"start":{"line":45,"column":27},"end":{"line":47,"column":1}},"14":{"start":{"line":46,"column":2},"end":{"line":46,"column":65}},"15":{"start":{"line":53,"column":2},"end":{"line":55,"column":3}},"16":{"start":{"line":57,"column":32},"end":{"line":59,"column":1}},"17":{"start":{"line":58,"column":2},"end":{"line":58,"column":48}},"18":{"start":{"line":64,"column":2},"end":{"line":71,"column":3}},"19":{"start":{"line":66,"column":6},"end":{"line":66,"column":46}},"20":{"start":{"line":68,"column":6},"end":{"line":68,"column":51}},"21":{"start":{"line":70,"column":6},"end":{"line":70,"column":18}}},"fnMap":{"0":{"name":"deletePoll","decl":{"start":{"line":15,"column":16},"end":{"line":15,"column":26}},"loc":{"start":{"line":15,"column":32},"end":{"line":32,"column":1}}},"1":{"name":"(anonymous_1)","decl":{"start":{"line":16,"column":9},"end":{"line":16,"column":10}},"loc":{"start":{"line":16,"column":21},"end":{"line":31,"column":3}}},"2":{"name":"(anonymous_2)","decl":{"start":{"line":18,"column":12},"end":{"line":18,"
[...]
,"/home/itxchy/fcc/vote/redux/modules/getUserPolls.js": {"path":"/home/itxchy/fcc/vote/redux/modules/getUserPolls.js","statementMap":{"0":{"start":{"line":3,"column":29},"end":{"line":5,"column":1}},"1":{"start":{"line":9,"column":24},"end":{"line":9,"column":41}},"2":{"start":{"line":10,"column":25},"end":{"line":10,"column":43}},"3":{"start":{"line":15,"column":2},"end":{"line":25,"column":3}},"4":{"start":{"line":16,"column":4},"end":{"line":24,"column":8}},"5":{"start":{"line":18,"column":8},"end":{"line":18,"column":70}},"6":{"start":{"line":19,"column":8},"end":{"line":23,"column":9}},"7":{"start":{"line":20,"column":10},"end":{"line":20,"column":46}},"8":{"start":{"line":22,"column":10},"end":{"line":22,"column":55}},"9":{"start":{"line":34,"column":2},"end":{"line":34,"column":45}},"10":{"start":{"line":37,"column":2},"end":{"line":37,"column":66}},"11":{"start":{"line":44,"column":2},"end":{"line":44,"column":35}},"12":{"start":{"line":47,"column":2},"end":{"line":47,"column":48}},"13":{"start":{"line":53,"column":2},"end":{"line":60,"column":3}},"14":{"start":{"line":55,"column":6},"end":{"line":55,"column":48}},"15":{"start":{"line":57,"column":6},"end":{"line":57,"column":49}},"16":{"start":{"line":59,"column":6},"end":{"line":59,"column":18}}},"fnMap":{"0":{"name":"getUserPolls","decl":{"start":{"line":14,"column":16},"end":{"line":14,"column":28}},"loc":{"start":{"line":14,"column":40},"end":{"line":26,"column":1}}},"1":{"name":"(anonymous_1)","decl":{"start":{"line":15,"column":9},"end":{"line":15,"column":10}},"loc":{"start":{"line":15,"column":21},"end":{"line":25,"column":3}}},"2":{"name":"(anonymous_2)","decl":{"start":{"line":17,"column":12},"end":{"line":17,"column":13}},"loc":{"start":{"line":17,"column":19},"end":{"line":24,"column":7}}},"3":{"name":"setUserPollsData","decl":{"start":{"line":33,"column":16},"end":{"line":33,"column":32}},"loc":{"start":{"line":33,"column":45},"end":{"line":35,"column":1}}},"4":{"name":"userPollsDataReducer","decl":{"start":{"line":36,"column":9},"end":{"line":36,"column":29}},"loc":{"start":{"line":36,"column":46},"end":{"line":38,"column":1}}},"5":{"name":"clearUserPolls","decl":{"start":{"line":43,"column":16},"end":{"line":43,"column":30}},"loc":{"start":{"line":43,"column":34},"end":{"line":45,"column":1}}},"6":{"name":"clearUserPollsReducer","decl":{"start":{"line":46,"column":9},"end":{"line":46,"column":30}},"loc":{"start":{"line":46,"column":47},"end":{"line":48,"column":1}}},"7":{"name":"userPolls","decl":{"start":{"line":52,"column":24},"end":{"line":52,"column":33}},"loc":{"start":{"line":52,"column":66},"end":{"line":61,"column":1}}}},"branchMap":{"0":{"loc":{"start":{"line":19,"column":8},"end":{"line":23,"column":9}},"type":"if","locations":[{"start":{"line":19,"column":8},"end":{"line":23,"column":9}},{"start":{"line":19,"column":8},"end":{"line":23,"column":9}}]},"1":{"loc":{"start":{"line":52,"column":35},"end":{"line":52,"column":56}},"type":"default-arg","locations":[{"start":{"line":52,"column":43},"end":{"line":52,"column":56}}]},"2":{"loc":{"start":{"line":53,"column":2},"end":{"line":60,"column":3}},"type":"switch","locations":[{"start":{"line":54,"column":4},"end":{"line":55,"column":48}},{"start":{"line":56,"column":4},"end":{"line":57,"column":49}},{"start":{"line":58,"column":4},"end":{"line":59,"column":18}}]}},"s":{"0":2,"1":2,"2":2,"3":0,"4":0,"5":0,"6":0,"7":0,"8":0,"9":1,"10":1,"11":1,"12":1,"13":6,"14":1,"15":1,"16":4},"f":{"0":0,"1":0,"2":0,"3":1,"4":1,"5":1,"6":1,"7":6},"b":{"0":[0,0],"1":[4],"2":[1,1,4]},"hash":"4aa4eb39f3ec0fb1e7d3ec6893227a1a24b20517"}
,"/home/itxchy/fcc/vote/redux/modules/submitVote.js": {"path":"/home/itxchy/fcc/vote/redux/modules/submitVote.js","statementMap":{"0":{"start":{"line":4,"column":29},"end":{"line":6,"column":1}},"1":{"start":{"line":10,"column":29},"end":{"line":10,"column":51}},"2":{"start":{"line":11,"column":35},"end":{"line":11,"column":63}},"3":{"start":{"line":27,"column":2},"end":{"line":42,"column":3}},"4":{"start":{"line":28,"column":4},"end":{"line":41,"column":8}},"5":{"start":{"line":31,"column":24},"end":{"line":31,"column":43}},"6":{"start":{"line":32,"column":8},"end":{"line":32,"column":45}},"7":{"start":{"line":35,"column":8},"end":{"line":37,"column":9}},"8":{"start":{"line":36,"column":10},"end":{"line":36,"column":74}},"9":{"start":{"line":38,"column":8},"end":{"line":40,"column":9}},"10":{"start":{"line":39,"column":10},"end":{"line":39,"column":76}},"11":{"start":{"line":51,"column":2},"end":{"line":51,"column":48}},"12":{"start":{"line":54,"column":2},"end":{"line":54,"column":69}},"13":{"start":{"line":61,"column":2},"end":{"line":61,"column":45}},"14":{"start":{"line":64,"column":19},"end":{"line":64,"column":21}},"15":{"start":{"line":65,"column":2},"end":{"line":65,"column":47}},"16":{"start":{"line":66,"column":2},"end":{"line":66,"column":17}},"17":{"start":{"line":72,"column":2},"end":{"line":79,"column":3}},"18":{"start":{"line":74,"column":6},"end":{"line":74,"column":53}},"19":{"start":{"line":76,"column":6},"end":{"line":76,"column":58}},"20":{"start":{"line":78,"column":6},"end":{"line":78,"column":18}}},"fnMap":{"0":{"name":"submitVote","decl":{"start":{"line":26,"column":16},"end":{"line":26,"column":26}},"loc":{"start":{"line":26,"column":38},"end":{"line":43,"column":1}}},"1":{"name":"(anonymous_1)","decl":{"start":{"line":27,"column":9},"end":{"line":27,"column":10}},"loc":{"start":{"line":27,"column":21},"end":{"line":42,"column":3}}},"2":{"name":"(anonymous_2)","decl":{"start":{"line":29,"column":12},"end":{"line":29,"column":13}},"loc":{"start":{"line":29,"column":19},"end":{"line":33,"column":7}}},"3":{"name":"(anonymous_3)","decl":{"start":{"line":34,"column":13},"end":{"line":34,"column":14}},"loc":{"start":{"line":34,"column":20},"end":{"line":41,"column":7}}},"4":{"name":"updatedPollResults","decl":{"start":{"line":50,"column":16},"end":{"line":50,"column":34}},"loc":{"start":{"line":50,"column":45},"end":{"line":52,"column":1}}},"5":{"name":"updatedPollResultsReducer","decl":{"start":{"line":53,"column":9},"end":{"line":53,"column":34}},"loc":{"start":{"line":53,"column":51},"end":{"line":55,"column":1}}},"6":{"name":"resetUpdatedPollResults","decl":{"start":{"line":60,"column":16},"end":{"line":60,"column":39}},"loc":{"start":{"line":60,"column":43},"end":{"line":62,"column":1}}},"7":{"name":"resetUpdatedPollResultsReducer","decl":{"start":{"line":63,"column":9},"end":{"line":63,"column":39}},"loc":{"start":{"line":63,"column":56},"end":{"line":67,"column":1}}},"8":{"name":"newVote","decl":{"start":{"line":71,"column":24},"end":{"line":71,"column":31}},"loc":{"start":{"line":71,"column":64},"end":{"line":80,"column":1}}}},"branchMap":{"0":{"loc":{"start":{"line":35,"column":8},"end":{"line":37,"column":9}},"type":"if","locations":[{"start":{"line":35,"column":8},"end":{"line":37,"column":9}},{"start":{"line":35,"column":8},"end":{"line":37,"column":9}}]},"1":{"loc":{"start":{"line":35,"column":12},"end":{"line":35,"column":87}},"type":"binary-expr","locations":[{"start":{"line":35,"column":12},"end":{"line":35,"column":47}},{"start":{"line":35,"column":51},"end":{"line":35,"column":87}}]},"2":{"loc":{"start":{"line":38,"column":8},"end":{"line":40,"column":9}},"type":"if","locations":[{"start":{"line":38,"column":8},"end":{"line":40,"column":9}},{"start":{"line":38,"column":8},"end":{"line":40,"column":9}}]},"3":{"loc":{"start":{"line":71,"column":33},"end":{"line":71,"column":54}},"type":"default-arg","locations":[{"start":{"line":71,"column":41},"end":{"line":71,"column":54}}]},"4":{"loc":{"start":{"line":72,"column":2},"end":{"line":79,"column":3}},"type":"switch","locations":[{"start":{"line":73,"column":4},"end":{"line":74,"column":53}},{"start":{"line":75,"column":4},"end":{"line":76,"column":58}},{"start":{"line":77,"column":4},"end":{"line":78,"column":18}}]}},"s":{"0":2,"1":2,"2":2,"3":0,"4":0,"5":0,"6":0,"7":0,"8":0,"9":0,"10":0,"11":1,"12":1,"13":1,"14":1,"15":1,"16":1,"17":6,"18":1,"19":1,"20":4},"f":{"0":0,"1":0,"2":0,"3":0,"4":1,"5":1,"6":1,"7":1,"8":6},"b":{"0":[0,0],"1":[0,0],"2":[0,0],"3":[4],"4":[1,1,4]},"hash":"9059ba5472fe1e40b45afc651d4216469c8a95af"}
,"/home/itxchy/fcc/vote/redux/modules/userSignupRequest.js": {"path":"/home/itxchy/fcc/vote/redux/modules/userSignupRequest.js","statementMap":{"0":{"start":{"line":5,"column":29},"end":{"line":7,"column":1}},"1":{"start":{"line":11,"column":23},"end":{"line":11,"column":39}},"2":{"start":{"line":16,"column":2},"end":{"line":40,"column":3}},"3":{"start":{"line":17,"column":4},"end":{"line":17,"column":33}},"4":{"start":{"line":18,"column":4},"end":{"line":39,"column":8}},"5":{"start":{"line":20,"column":8},"end":{"line":23,"column":11}},"6":{"start":{"line":24,"column":8},"end":{"line":24,"column":38}},"7":{"start":{"line":26,"column":33},"end":{"line":29,"column":9}},"8":{"start":{"line":30,"column":8},"end":{"line":30,"column":41}},"9":{"start":{"line":33,"column":8},"end":{"line":33,"column":72}},"10":{"start":{"line":34,"column":8},"end":{"line":37,"column":11}},"11":{"start":{"line":38,"column":8},"end":{"line":38,"column":38}},"12":{"start":{"line":51,"column":2},"end":{"line":51,"column":54}},"13":{"start":{"line":54,"column":2},"end":{"line":54,"column":74}},"14":{"start":{"line":60,"column":2},"end":{"line":65,"column":3}},"15":{"start":{"line":62,"column":6},"end":{"line":62,"column":48}},"16":{"start":{"line":64,"column":6},"end":{"line":64,"column":18}}},"fnMap":{"0":{"name":"signupRequest","decl":{"start":{"line":15,"column":16},"end":{"line":15,"column":29}},"loc":{"start":{"line":15,"column":41},"end":{"line":41,"column":1}}},"1":{"name":"(anonymous_1)","decl":{"start":{"line":16,"column":9},"end":{"line":16,"column":10}},"loc":{"start":{"line":16,"column":21},"end":{"line":40,"column":3}}},"2":{"name":"(anonymous_2)","decl":{"start":{"line":19,"column":12},"end":{"line":19,"column":13}},"loc":{"start":{"line":19,"column":19},"end":{"line":31,"column":7}}},"3":{"name":"(anonymous_3)","decl":{"start":{"line":32,"column":13},"end":{"line":32,"column":14}},"loc":{"start":{"line":32,"column":20},"end":{"line":39,"column":7}}},"4":{"name":"signupLoading","decl":{"start":{"line":50,"column":16},"end":{"line":50,"column":29}},"loc":{"start":{"line":50,"column":37},"end":{"line":52,"column":1}}},"5":{"name":"signupLoadingReducer","decl":{"start":{"line":53,"column":9},"end":{"line":53,"column":29}},"loc":{"start":{"line":53,"column":46},"end":{"line":55,"column":1}}},"6":{"name":"userSignupRequest","decl":{"start":{"line":59,"column":24},"end":{"line":59,"column":41}},"loc":{"start":{"line":59,"column":74},"end":{"line":66,"column":1}}}},"branchMap":{"0":{"loc":{"start":{"line":59,"column":43},"end":{"line":59,"column":64}},"type":"default-arg","locations":[{"start":{"line":59,"column":51},"end":{"line":59,"column":64}}]},"1":{"loc":{"start":{"line":60,"column":2},"end":{"line":65,"column":3}},"type":"switch","locations":[{"start":{"line":61,"column":4},"end":{"line":62,"column":48}},{"start":{"line":63,"column":4},"end":{"line":64,"column":18}}]}},"s":{"0":2,"1":2,"2":0,"3":0,"4":0,"5":0,"6":0,"7":0,"8":0,"9":0,"10":0,"11":0,"12":1,"13":1,"14":5,"15":1,"16":4},"f":{"0":0,"1":0,"2":0,"3":0,"4":1,"5":1,"6":5},"b":{"0":[4],"1":[1,4]},"hash":"15df49922118e7770caa93df22f41fa9e33f3710"}
,"/home/itxchy/fcc/vote/redux/modules/__mock__/pollObject.js": {"path":"/home/itxchy/fcc/vote/redux/modules/__mock__/pollObject.js","statementMap":{"0":{"start":{"line":1,"column":23},"end":{"line":54,"column":1}}},"fnMap":{},"branchMap":{},"s":{"0":5},"f":{},"b":{},"hash":"e643128df864a479f7d81936a1f79d05c005e0ec"}
,"/home/itxchy/fcc/vote/routes/lib/pollsLib.js": {"path":"/home/itxchy/fcc/vote/routes/lib/pollsLib.js","statementMap":{"0":{"start":{"line":1,"column":12},"end":{"line":1,"column":33}},"1":{"start":{"line":2,"column":16},"end":{"line":2,"column":41}},"2":{"start":{"line":3,"column":16},"end":{"line":3,"column":41}},"3":{"start":{"line":12,"column":23},"end":{"line":34,"column":1}},"4":{"start":{"line":13,"column":2},"end":{"line":15,"column":3}},"5":{"start":{"line":14,"column":4},"end":{"line":14,"column":15}},"6":{"start":{"line":16,"column":18},"end":{"line":29,"column":4}},"7":{"start":{"line":17,"column":4},"end":{"line":28,"column":5}},"8":{"start":{"line":18,"column":32},"end":{"line":24,"column":8}},"9":{"start":{"line":19,"column":8},"end":{"line":23,"column":9}},"10":{"start":{"line":20,"column":10},"end":{"line":20,"column":21}},"11":{"start":{"line":22,"column":10},"end":{"line":22,"column":16}},"12":{"start":{"line":25,"column":6},"end":{"line":25,"column":32}},"13":{"start":{"line":27,"column":6},"end":{"line":27,"column":18}},"14":{"start":{"line":32,"column":2},"end":{"line":32,"column":47}},"15":{"start":{"line":33,"column":2},"end":{"line":33,"column":18}},"16":{"start":{"line":44,"column":25},"end":{"line":54,"column":1}},"17":{"start":{"line":46,"column":2},"end":{"line":52,"column":3}},"18":{"start":{"line":47,"column":4},"end":{"line":47,"column":26}},"19":{"start":{"line":48,"column":9},"end":{"line":52,"column":3}},"20":{"start":{"line":49,"column":4},"end":{"line":49,"column":14}},"21":{"start":{"line":51,"column":4},"end":{"line":51,"column":17}},"22":{"start":{"line":53,"column":2},"end":{"line":53,"column":14}},"23":{"start":{"line":56,"column":23},"end":{"line":64,"column":1}},"24":{"start":{"line":57,"column":2},"end":{"line":63,"column":9}},"25":{"start":{"line":59,"column":6},"end":{"line":59,"column":32}},"26":{"start":{"line":62,"column":6},"end":{"line":62,"column":24}},"27":{"start":{"line":66,"column":0},"end":{"line":66,"column":69}}},"fnMap":{"0":{"name":"(anonymous_0)","decl":{"start":{"line":12,"column":23},"end":{"line":12,"column":24}},"loc":{"start":{"line":12,"column":46},"end":{"line":34,"column":1}}},"1":{"name":"(anonymous_1)","decl":{"start":{"line":16,"column":35},"end":{"line":16,"column":36}},"loc":{"start":{"line":16,"column":45},"end":{"line":29,"column":3}}},"2":{"name":"(anonymous_2)","decl":{"start":{"line":18,"column":49},"end":{"line":18,"column":50}},"loc":{"start":{"line":18,"column":57},"end":{"line":24,"column":7}}},"3":{"name":"(anonymous_3)","decl":{"start":{"line":44,"column":25},"end":{"line":44,"column":26}},"loc":{"start":{"line":44,"column":44},"end":{"line":54,"column":1}}},"4":{"name":"(anonymous_4)","decl":{"start":{"line":56,"column":23},"end":{"line":56,"column":24}},"loc":{"start":{"line":56,"column":45},"end":{"line":64,"column":1}}},"5":{"name":"(anonymous_5)","decl":{"start":{"line":58,"column":9},"end":{"line":58,"column":10}},"loc":{"start":{"line":58,"column":19},"end":{"line":60,"column":5}}},"6":{"name":"(anonymous_6)","decl":{"start":{"line":61,"column":12},"end":{"line":61,"column":13}},"loc":{"start":{"line":61,"column":28},"end":{"line":63,"column":5}}}},"branchMap":{"0":{"loc":{"start":{"line":13,"column":2},"end":{"line":15,"column":3}},"type":"if","locations":[{"start":{"line":13,"column":2},"end":{"line":15,"column":3}},{"start":{"line":13,"column":2},"end":{"line":15,"column":3}}]},"1":{"loc":{"start":{"line":17,"column":4},"end":{"line":28,"column":5}},"type":"if","locations":[{"start":{"line":17,"column":4},"end":{"line":28,"column":5}},{"start":{"line":17,"column":4},"end":{"line":28,"column":5}}]},"2":{"loc":{"start":{"line":19,"column":8},"end":{"line":23,"column":9}},"type":"if","locations":[{"start":{"line":19,"column":8},"end":{"line":23,"column":9}},{"start":{"line":19,"column":8},"end":{"line":23,"column":9}}]},"3":{"loc":{"start":{"line":46,"column":2},"end":{"line":52,"column":3}},"type":"if","locations":[{"start":{"line":46,"column":2},"end":{"line":52,"column":3}},{"start":{"line":46,"column":2},"end":{"line":52,"column":3}}]},"4":{"loc":{"start":{"line":46,"column":6},"end":{"line":46,"column":46}},"type":"binary-expr","locations":[{"start":{"line":46,"column":6},"end":{"line":46,"column":28}},{"start":{"line":46,"column":32},"end":{"line":46,"column":46}}]},"5":{"loc":{"start":{"line":48,"column":9},"end":{"line":52,"column":3}},"type":"if","locations":[{"start":{"line":48,"column":9},"end":{"line":52,"column":3}},{"start":{"line":48,"column":9},"end":{"line":52,"column":3}}]}},"s":{"0":1,"1":1,"2":1,"3":1,"4":3,"5":1,"6":2,"7":6,"8":4,"9":6,"10":1,"11":5,"12":4,"13":2,"14":2,"15":2,"16":1,"17":4,"18":1,"19":3,"20":2,"21":1,"22":4,"23":1,"24":1,"25":3,"26":3,"27":1},"f":{"0":3,"1":6,"2":6,"3":4,"4":1,"5":3,"6":3},"b":{"0":[1,2],"1":[4,2],"2":[1,5],"3":[1,3],"4":[4,2],"5":[2,1]},"hash":"578a1dee52ff132b94ff7894cc11ba31ae4c5f19"}
,"/home/itxchy/fcc/vote/routes/shared/createAPollValidation.js": {"path":"/home/itxchy/fcc/vote/routes/shared/createAPollValidation.js","statementMap":{"0":{"start":{"line":1,"column":18},"end":{"line":1,"column":38}},"1":{"start":{"line":2,"column":16},"end":{"line":2,"column":41}},"2":{"start":{"line":5,"column":15},"end":{"line":5,"column":17}},"3":{"start":{"line":6,"column":2},"end":{"line":6,"column":53}},"4":{"start":{"line":7,"column":2},"end":{"line":9,"column":3}},"5":{"start":{"line":8,"column":4},"end":{"line":8,"column":47}},"6":{"start":{"line":11,"column":2},"end":{"line":15,"column":4}},"7":{"start":{"line":12,"column":4},"end":{"line":14,"column":5}},"8":{"start":{"line":13,"column":6},"end":{"line":13,"column":61}},"9":{"start":{"line":17,"column":2},"end":{"line":20,"column":3}},"10":{"start":{"line":23,"column":0},"end":{"line":23,"column":41}}},"fnMap":{"0":{"name":"validateCreateAPollInput","decl":{"start":{"line":4,"column":9},"end":{"line":4,"column":33}},"loc":{"start":{"line":4,"column":41},"end":{"line":21,"column":1}}},"1":{"name":"(anonymous_1)","decl":{"start":{"line":11,"column":26},"end":{"line":11,"column":27}},"loc":{"start":{"line":11,"column":36},"end":{"line":15,"column":3}}}},"branchMap":{"0":{"loc":{"start":{"line":7,"column":2},"end":{"line":9,"column":3}},"type":"if","locations":[{"start":{"line":7,"column":2},"end":{"line":9,"column":3}},{"start":{"line":7,"column":2},"end":{"line":9,"column":3}}]},"1":{"loc":{"start":{"line":12,"column":4},"end":{"line":14,"column":5}},"type":"if","locations":[{"start":{"line":12,"column":4},"end":{"line":14,"column":5}},{"start":{"line":12,"column":4},"end":{"line":14,"column":5}}]}},"s":{"0":1,"1":1,"2":0,"3":0,"4":0,"5":0,"6":0,"7":0,"8":0,"9":0,"10":1},"f":{"0":0,"1":0},"b":{"0":[0,0],"1":[0,0]},"hash":"6d89d93a12edb6bd27354cd2ca6ce629b2f43aee"}
}
