TN:
SF:/home/itxchy/fcc/vote/components/CreateAPoll/NewPollTitle.jsx
FNF:0
FNH:0
DA:1,1
DA:2,1
DA:3,1
DA:5,1
DA:13,0
DA:16,0
DA:17,0
DA:19,0
DA:22,0
DA:26,1
DA:38,1
DA:56,1
DA:66,1
LF:13
LH:8
BRDA:16,0,0,0
BRDA:16,0,1,0
BRDA:58,1,0,1
BRDA:58,1,1,0
BRF:4
BRH:1
end_of_record
TN:
SF:/home/itxchy/fcc/vote/redux/Store.jsx
FN:17,(anonymous_0)
FN:30,(anonymous_1)
FN:36,(anonymous_2)
FN:42,(anonymous_3)
FN:50,(anonymous_4)
FN:58,(anonymous_5)
FNF:6
FNH:6
FNDA:6,(anonymous_0)
FNDA:1,(anonymous_1)
FNDA:1,(anonymous_2)
FNDA:1,(anonymous_3)
FNDA:1,(anonymous_4)
FNDA:1,(anonymous_5)
DA:1,2
DA:2,2
DA:4,2
DA:5,2
DA:6,2
DA:8,2
DA:17,2
DA:18,6
DA:20,1
DA:22,1
DA:24,1
DA:26,3
DA:30,2
DA:31,1
DA:32,1
DA:33,1
DA:36,2
DA:37,1
DA:38,1
DA:39,1
DA:42,2
DA:43,1
DA:44,1
DA:45,1
DA:48,2
DA:50,2
DA:51,1
DA:58,2
DA:59,1
DA:61,0
DA:64,0
DA:67,0
DA:72,2
DA:74,2
LF:34
LH:31
BRDA:17,0,0,3
BRDA:18,1,0,1
BRDA:18,1,1,1
BRDA:18,1,2,1
BRDA:18,1,3,3
BRF:5
BRH:5
end_of_record
