TN:
SF:/home/itxchy/fcc/vote/components/CreateAPoll/NewPollTitle.jsx
FNF:0
FNH:0
DA:1,1
DA:2,1
DA:3,1
DA:5,1
DA:13,0
DA:16,1
DA:17,1
DA:19,1
DA:22,1
DA:26,5
DA:38,5
DA:56,5
DA:66,1
LF:13
LH:12
BRDA:16,0,0,1
BRDA:16,0,1,0
BRDA:58,1,0,2
BRDA:58,1,1,3
BRF:4
BRH:3
end_of_record
TN:
SF:/home/itxchy/fcc/vote/redux/Store.jsx
FN:17,(anonymous_0)
FN:30,(anonymous_1)
FN:36,(anonymous_2)
FN:42,(anonymous_3)
FN:50,(anonymous_4)
FN:58,(anonymous_5)
FNF:6
FNH:6
FNDA:8,(anonymous_0)
FNDA:2,(anonymous_1)
FNDA:2,(anonymous_2)
FNDA:1,(anonymous_3)
FNDA:7,(anonymous_4)
FNDA:3,(anonymous_5)
DA:1,2
DA:2,2
DA:4,2
DA:5,2
DA:6,2
DA:8,2
DA:17,2
DA:18,8
DA:20,2
DA:22,2
DA:24,1
DA:26,3
DA:30,2
DA:31,2
DA:32,2
DA:33,2
DA:36,2
DA:37,2
DA:38,2
DA:39,2
DA:42,2
DA:43,1
DA:44,1
DA:45,1
DA:48,2
DA:50,2
DA:51,7
DA:58,2
DA:59,3
DA:61,1
DA:64,2
DA:67,0
DA:72,2
DA:74,2
LF:34
LH:33
BRDA:17,0,0,3
BRDA:18,1,0,2
BRDA:18,1,1,2
BRDA:18,1,2,1
BRDA:18,1,3,3
BRF:5
BRH:5
end_of_record
